<?xml version="1.0" encoding="UTF-8"?>
<testsuite xmlns:xsi="http://www.w3.org/2001/XMLSchema-instance" xsi:noNamespaceSchemaLocation="https://maven.apache.org/surefire/maven-failsafe-plugin/xsd/failsafe-test-report-3.0.xsd" version="3.0" name="Registro de usuario en TestingYes" time="54.408" tests="4" errors="0" skipped="0" failures="0">
  <properties>
[...]
</properties>
  <testcase name="Registro de usuario con solo los campos obligatorios" classname="Registro de usuario en TestingYes" time="14.796">
    <system-out><![CDATA[11:03:59.439 [main] WARN  i.c.junit.CucumberSerenityRunner - By default Cucumber is running in --non-strict mode.
This default will change to --strict and --non-strict will be removed.
You can use --strict or @CucumberOptions(strict = true) to suppress this warning

11:03:59.724 [main] DEBUG n.t.c.u.PropertiesFileLocalPreferences - LOADING LOCAL PROPERTIES FROM /home/ahuaracab/Desktop/projects/testingyes-cucumber-project/serenity.properties 

11:03:59.790 [main] DEBUG n.t.c.u.PropertiesFileLocalPreferences - LOADING LOCAL PROPERTIES FROM /home/ahuaracab/Desktop/projects/testingyes-cucumber-project/serenity.properties 

11:03:59.790 [main] DEBUG n.t.c.u.PropertiesFileLocalPreferences - LOADING LOCAL PROPERTIES FROM /home/ahuaracab/Desktop/projects/testingyes-cucumber-project/serenity.properties 

11:03:59.796 [main] DEBUG n.t.c.u.PropertiesFileLocalPreferences - webdriver.driver=chrome

11:03:59.797 [main] DEBUG n.t.c.u.PropertiesFileLocalPreferences - drivers.linux.webdriver.chrome.driver=src/test/resources/webdriver/linux/chromedriver

11:03:59.797 [main] DEBUG n.t.c.u.PropertiesFileLocalPreferences - drivers.linux.webdriver.gecko.driver=src/test/resources/webdriver/linux/geckodriver

11:03:59.797 [main] DEBUG n.t.c.u.PropertiesFileLocalPreferences - serenity.test.root=testingyes

11:03:59.797 [main] DEBUG n.t.c.u.PropertiesFileLocalPreferences - serenity.project.name=Automatizacion de Pruebas Para TestingYes

11:03:59.797 [main] DEBUG n.t.c.u.PropertiesFileLocalPreferences - serenity.browser.maximized=true

Feature from file:///home/ahuaracab/Desktop/projects/testingyes-cucumber-project/src/test/resources/features/testcase_testingyes.feature
11:04:00.137 [pool-2-thread-1] DEBUG n.t.c.u.PropertiesFileLocalPreferences - LOADING LOCAL PROPERTIES FROM /home/ahuaracab/Desktop/projects/testingyes-cucumber-project/serenity.properties 

11:04:00.167 [pool-2-thread-1] DEBUG n.t.c.u.PropertiesFileLocalPreferences - LOADING LOCAL PROPERTIES FROM /home/ahuaracab/Desktop/projects/testingyes-cucumber-project/serenity.properties 

11:04:00.167 [pool-2-thread-1] DEBUG n.t.c.u.PropertiesFileLocalPreferences - LOADING LOCAL PROPERTIES FROM /home/ahuaracab/Desktop/projects/testingyes-cucumber-project/serenity.properties 

11:04:00.168 [pool-2-thread-1] DEBUG n.t.c.u.PropertiesFileLocalPreferences - webdriver.driver=chrome

11:04:00.168 [pool-2-thread-1] DEBUG n.t.c.u.PropertiesFileLocalPreferences - drivers.linux.webdriver.chrome.driver=src/test/resources/webdriver/linux/chromedriver

11:04:00.168 [pool-2-thread-1] DEBUG n.t.c.u.PropertiesFileLocalPreferences - drivers.linux.webdriver.gecko.driver=src/test/resources/webdriver/linux/geckodriver

11:04:00.168 [pool-2-thread-1] DEBUG n.t.c.u.PropertiesFileLocalPreferences - serenity.test.root=testingyes

11:04:00.169 [pool-2-thread-1] DEBUG n.t.c.u.PropertiesFileLocalPreferences - serenity.project.name=Automatizacion de Pruebas Para TestingYes

11:04:00.169 [pool-2-thread-1] DEBUG n.t.c.u.PropertiesFileLocalPreferences - serenity.browser.maximized=true

11:04:00.177 [pool-2-thread-1] INFO   - 

-------------------------------------------------------------------------------------
     _______. _______ .______       _______ .__   __.  __  .___________.____    ____ 
    /       ||   ____||   _  \     |   ____||  \ |  | |  | |           |\   \  /   / 
   |   (----`|  |__   |  |_)  |    |  |__   |   \|  | |  | `---|  |----` \   \/   /  
    \   \    |   __|  |      /     |   __|  |  . `  | |  |     |  |       \_    _/   
.----)   |   |  |____ |  |\  \----.|  |____ |  |\   | |  |     |  |         |  |     
|_______/    |_______|| _| `._____||_______||__| \__| |__|     |__|         |__|    
                                                                                     
 News and tutorials at http://www.serenity-bdd.info                                  
 Documentation at https://wakaleo.gitbooks.io/the-serenity-book/content/             
 Join the Serenity Community on Gitter: https://gitter.im/serenity-bdd/serenity-core 
 Serenity BDD Support and Training at http://serenity-bdd.info/#/trainingandsupport  
-------------------------------------------------------------------------------------


11:04:00.180 [pool-2-thread-1] DEBUG n.thucydides.core.steps.StepEventBus - Test suite started for story net.thucydides.core.model.Story@cd700edf

11:04:00.181 [pool-2-thread-1] INFO   - Test Suite Started: Registro de usuario en TestingYes


4
 Scenarios (
&amp#27;[32m4 passed&amp#27;[0m
)
16
 Steps (
&amp#27;[32m16 passed&amp#27;[0m
)
0m
54.628s


11:04:54.610 [pool-2-thread-1] DEBUG n.t.core.reports.ReportService - Reporting formats: [JSON, HTML]

11:04:54.677 [pool-2-thread-1] DEBUG n.t.core.reports.ReportService - Reporting formats: [JSON, HTML]

11:04:54.687 [pool-2-thread-1] DEBUG n.t.core.reports.ReportService - Generating reports for 1 test outcomes using: net.thucydides.core.reports.json.JSONTestOutcomeReporter@3084f4e5

11:04:54.687 [pool-2-thread-1] DEBUG n.t.core.reports.ReportService - Processing test outcome Registro de usuario en TestingYes:Registro de usuario con solo los campos obligatorios

11:04:54.687 [pool-2-thread-1] DEBUG n.t.core.reports.ReportService - net.thucydides.core.reports.json.JSONTestOutcomeReporter@3084f4e5: Generating report for test outcome: Registro de usuario en TestingYes:Registro de usuario con solo los campos obligatorios

11:04:54.689 [pool-2-thread-1] DEBUG n.t.c.r.json.JSONTestOutcomeReporter - Generating JSON report for Registro de usuario con solo los campos obligatorios to file /home/ahuaracab/Desktop/projects/testingyes-cucumber-project/target/site/serenity/465bd9caa690cf6fe33f25e4b7b200520d7203b056fee6dc67d563a6b61aeb6b.json (using temp file /home/ahuaracab/Desktop/projects/testingyes-cucumber-project/target/site/serenity/465bd9caa690cf6fe33f25e4b7b200520d7203b056fee6dc67d563a6b61aeb6b.json5f05f6f8-805c-4281-a6a6-a97e8f9526d7)

11:04:54.730 [pool-2-thread-1] DEBUG n.t.core.reports.ReportService - Processing test outcome Registro de usuario en TestingYes:Registro de usuario con solo los campos obligatorios done

11:04:54.731 [pool-2-thread-1] DEBUG n.t.core.reports.ReportService - Shutting down executor service

11:04:54.731 [pool-2-thread-1] DEBUG n.t.core.reports.ReportService - Reports generated in: 44 ms

11:04:54.731 [pool-2-thread-1] DEBUG n.t.core.reports.ReportService - Generating reports for 1 test outcomes using: net.thucydides.core.reports.html.HtmlAcceptanceTestReporter@5c9d3d43

11:04:54.731 [pool-3-thread-1] DEBUG n.t.core.reports.ReportService - Processing test outcome Registro de usuario en TestingYes:Registro de usuario con solo los campos obligatorios

11:04:54.731 [pool-3-thread-1] DEBUG n.t.core.reports.ReportService - net.thucydides.core.reports.html.HtmlAcceptanceTestReporter@5c9d3d43: Generating report for test outcome: Registro de usuario en TestingYes:Registro de usuario con solo los campos obligatorios

11:04:54.732 [pool-3-thread-1] DEBUG n.t.c.r.h.HtmlAcceptanceTestReporter - GENERATE TEST OUTCOME REPORT FOR Registro de usuario con solo los campos obligatorios in 465bd9caa690cf6fe33f25e4b7b200520d7203b056fee6dc67d563a6b61aeb6b

11:04:54.740 [pool-3-thread-1] DEBUG n.t.c.r.PackageRequirementsTagProvider - Loading requirements from package requirements at: testingyes

11:04:55.042 [pool-3-thread-1] DEBUG n.t.c.r.m.cucumber.CucumberParser - Added feature Registro de usuario en TestingYes

11:04:55.043 [pool-3-thread-1] DEBUG n.t.c.r.RequirementsTagProvider -  found:[Requirement{name='Registro de usuario en TestingYes', type='feature' parent = 'null', cardNumber='null'}]

11:04:55.054 [pool-3-thread-1] DEBUG n.t.c.r.BaseRequirementsService - Requirement found for test outcome Registro de usuario con solo los campos obligatorios-[]: Optional[Requirement{name='Registro de usuario en TestingYes', type='feature' parent = 'null', cardNumber='null'}]

11:04:55.056 [pool-3-thread-1] DEBUG n.t.c.r.BaseRequirementsService - Requirement found for test outcome Registro de usuario con solo los campos obligatorios-[]: Optional[Requirement{name='Registro de usuario en TestingYes', type='feature' parent = 'null', cardNumber='null'}]

11:04:55.089 [pool-3-thread-1] DEBUG n.t.c.r.BaseRequirementsService - Requirement found for test outcome Registro de usuario con solo los campos obligatorios-[]: Optional[Requirement{name='Registro de usuario en TestingYes', type='feature' parent = 'null', cardNumber='null'}]

11:04:55.091 [pool-3-thread-1] DEBUG n.t.c.r.BaseRequirementsService - Requirement found for test outcome Registro de usuario con solo los campos obligatorios-[]: Optional[Requirement{name='Registro de usuario en TestingYes', type='feature' parent = 'null', cardNumber='null'}]

11:04:55.164 [pool-3-thread-1] DEBUG n.t.c.r.h.HtmlAcceptanceTestReporter - Generating report in 465bd9caa690cf6fe33f25e4b7b200520d7203b056fee6dc67d563a6b61aeb6b_screenshots.html

11:04:55.610 [pool-3-thread-1] DEBUG n.t.c.r.h.HtmlAcceptanceTestReporter - Generated report 465bd9caa690cf6fe33f25e4b7b200520d7203b056fee6dc67d563a6b61aeb6b_screenshots.html in 446 ms

11:04:55.612 [pool-3-thread-1] DEBUG n.t.c.r.h.HtmlAcceptanceTestReporter - GENERATING HTML REPORT FOR Registro de usuario en TestingYes:Registro de usuario con solo los campos obligatorios in 465bd9caa690cf6fe33f25e4b7b200520d7203b056fee6dc67d563a6b61aeb6b.html in directory target/site/serenity  

11:04:55.740 [pool-3-thread-1] DEBUG n.t.c.r.h.HtmlAcceptanceTestReporter - Generating report in 465bd9caa690cf6fe33f25e4b7b200520d7203b056fee6dc67d563a6b61aeb6b.html

11:04:56.070 [pool-3-thread-1] DEBUG n.t.c.r.h.HtmlAcceptanceTestReporter - Generated report 465bd9caa690cf6fe33f25e4b7b200520d7203b056fee6dc67d563a6b61aeb6b.html in 330 ms

11:04:56.071 [pool-3-thread-1] DEBUG n.t.core.reports.ReportService - Processing test outcome Registro de usuario en TestingYes:Registro de usuario con solo los campos obligatorios done

11:04:56.071 [pool-2-thread-1] DEBUG n.t.core.reports.ReportService - Shutting down executor service

11:04:56.071 [pool-2-thread-1] DEBUG n.t.core.reports.ReportService - Reports generated in: 1340 ms

11:04:56.188 [pool-2-thread-1] DEBUG n.s.core.photography.Darkroom - Closing darkroom

Feature from file:///home/ahuaracab/Desktop/projects/testingyes-cucumber-project/src/test/resources/features/testcase_testingyes.feature
11:04:00.347 [pool-2-thread-1] INFO   - 
 _____ _____ ____ _____   ____ _____  _    ____ _____ _____ ____  
|_   _| ____/ ___|_   _| / ___|_   _|/ \  |  _ \_   _| ____|  _ \ 
  | | |  _| \___ \ | |   \___ \ | | / _ \ | |_) || | |  _| | | | |
  | | | |___ ___) || |    ___) || |/ ___ \|  _ < | | | |___| |_| |
  |_| |_____|____/ |_|   |____/ |_/_/   \_\_| \_\|_| |_____|____/ 

Registro de usuario con solo los campos obligatorios(registro-de-usuario-en-testingyes;registro-de-usuario-con-solo-los-campos-obligatorios)
-------------------------------------------------------------------
11:04:00.433 [pool-2-thread-1] DEBUG n.t.c.r.m.cucumber.CucumberParser - Added feature Registro de usuario en TestingYes
11:04:01.134 [pool-2-thread-1] DEBUG n.t.core.steps.StepInterceptor - STARTING STEP: DefinicionDePasosParaRegistro.ingresa_a_testingyes - #actor ingresa a TestingYes
11:04:01.656 [pool-2-thread-1] INFO  n.s.c.w.d.ProvideNewDriver - Instantiating driver
11:04:01.658 [pool-2-thread-1] INFO  n.s.c.w.d.ProvideNewDriver - Driver capabilities: Capabilities {acceptInsecureCerts: false, browserName: chrome, goog:chromeOptions: {args: [], extensions: []}, loggingPrefs: org.openqa.selenium.logging..., platform: ANY, version: }
11:04:06.343 [pool-2-thread-1] DEBUG n.s.core.photography.Darkroom - Opening darkroom
11:04:06.344 [Darkroom Processing Line] DEBUG n.s.c.p.DarkroomProcessingLine - Darkroom processing line starting up
11:04:06.977 [pool-2-thread-1] DEBUG n.s.core.photography.Darkroom - Send negative for processing for target/site/serenity/87afb7065a1bb6ff7b2e849c6bdf131c4d0c5827ce81445d3f9a35657e975233.png
11:04:06.978 [Darkroom Processing Line] DEBUG n.s.c.p.DarkroomProcessingLine - Processing screenshot image in /var/screenshots/screenshot-7382437614571346730
11:04:06.978 [Darkroom Processing Line] DEBUG n.s.c.p.DarkroomProcessingLine - Saving screenshot to target/site/serenity/87afb7065a1bb6ff7b2e849c6bdf131c4d0c5827ce81445d3f9a35657e975233.png
11:04:06.981 [pool-2-thread-1] DEBUG n.t.core.steps.StepInterceptor - STEP DONE: #actor ingresa a TestingYes
11:04:06.992 [pool-2-thread-1] DEBUG n.t.core.steps.StepInterceptor - STARTING STEP: DefinicionDePasosParaRegistro.ingresa_a_log_in - #actor ingresa a la pagina de log in
11:04:08.280 [pool-2-thread-1] DEBUG n.s.core.photography.Darkroom - Send negative for processing for target/site/serenity/3944f7aba0e6af4bf3579887a233ab035a7db7450abbbb7d8d7d43b16f57bc39.png
11:04:08.280 [Darkroom Processing Line] DEBUG n.s.c.p.DarkroomProcessingLine - Processing screenshot image in /var/screenshots/screenshot-1733505364121385151
11:04:08.281 [Darkroom Processing Line] DEBUG n.s.c.p.DarkroomProcessingLine - Saving screenshot to target/site/serenity/3944f7aba0e6af4bf3579887a233ab035a7db7450abbbb7d8d7d43b16f57bc39.png
11:04:08.281 [pool-2-thread-1] DEBUG n.t.core.steps.StepInterceptor - STEP DONE: #actor ingresa a la pagina de log in
11:04:08.295 [pool-2-thread-1] DEBUG n.t.core.steps.StepInterceptor - STARTING STEP: DefinicionDePasosParaRegistro.se_registra_con - #actor se registra con los datos obligatorios: nombre: {0} , apellido: {1} , pais: {2} , direccion: {3} , ciudad: {4} , provincia: {5} , codigo postal: {6} , telefono: {7}, email: {8} , contrasena: {9} y confirmacion de con contrasena {10}$
11:04:14.067 [pool-2-thread-1] DEBUG n.s.core.photography.Darkroom - Send negative for processing for target/site/serenity/9349b8bb3c1bcbdb40c0fa2cab7551c8ecc9f33c0480b6b78fc2f5cde647546e.png
11:04:14.067 [Darkroom Processing Line] DEBUG n.s.c.p.DarkroomProcessingLine - Processing screenshot image in /var/screenshots/screenshot-2785135222258420554
11:04:14.067 [pool-2-thread-1] DEBUG n.t.core.steps.StepInterceptor - STEP DONE: #actor se registra con los datos obligatorios: nombre: {0} , apellido: {1} , pais: {2} , direccion: {3} , ciudad: {4} , provincia: {5} , codigo postal: {6} , telefono: {7}, email: {8} , contrasena: {9} y confirmacion de con contrasena {10}$
11:04:14.067 [Darkroom Processing Line] DEBUG n.s.c.p.DarkroomProcessingLine - Saving screenshot to target/site/serenity/9349b8bb3c1bcbdb40c0fa2cab7551c8ecc9f33c0480b6b78fc2f5cde647546e.png
11:04:14.078 [pool-2-thread-1] DEBUG n.t.core.steps.StepInterceptor - STARTING STEP: DefinicionDePasosParaRegistro.deberia_ver_la_confirmacion_de_registro - #actor deberia ver la confirmacion de registro: {0}
11:04:14.600 [pool-2-thread-1] DEBUG n.s.core.photography.Darkroom - Send negative for processing for target/site/serenity/9349b8bb3c1bcbdb40c0fa2cab7551c8ecc9f33c0480b6b78fc2f5cde647546e.png
11:04:14.601 [pool-2-thread-1] DEBUG n.t.core.steps.StepInterceptor - STEP DONE: #actor deberia ver la confirmacion de registro: {0}
11:04:14.988 [pool-2-thread-1] INFO   - 
        __    _____ _____ ____ _____   ____   _    ____  ____  _____ ____  
  _     \ \  |_   _| ____/ ___|_   _| |  _ \ / \  / ___|/ ___|| ____|  _ \ 
 (_)_____| |   | | |  _| \___ \ | |   | |_) / _ \ \___ \\___ \|  _| | | | |
  _|_____| |   | | | |___ ___) || |   |  __/ ___ \ ___) |___) | |___| |_| |
 (_)     | |   |_| |_____|____/ |_|   |_| /_/   \_\____/|____/|_____|____/ 
        /_/                                                                

Registro de usuario con solo los campos obligatorios
----------------------------------------------------------------------------
11:04:19.882 [Darkroom Processing Line] DEBUG n.s.c.p.DarkroomProcessingLine - Processing screenshot image in /var/screenshots/screenshot-8077030475479290176
11:04:19.882 [Darkroom Processing Line] DEBUG n.s.c.p.DarkroomProcessingLine - Saving screenshot to target/site/serenity/6982843e1fd682382e7d9d5fea966f55ebffa5f85a85aee3d52f57ed20e1cc96.png
11:04:21.037 [Darkroom Processing Line] DEBUG n.s.c.p.DarkroomProcessingLine - Processing screenshot image in /var/screenshots/screenshot-8168379036148338599
11:04:21.037 [Darkroom Processing Line] DEBUG n.s.c.p.DarkroomProcessingLine - Saving screenshot to target/site/serenity/6721a2fb359e918102d1a72fa394eb7a9ac977453a32fea160b43b87b50e0fc0.png
11:04:27.736 [Darkroom Processing Line] DEBUG n.s.c.p.DarkroomProcessingLine - Processing screenshot image in /var/screenshots/screenshot-2973424080850258078
11:04:27.736 [Darkroom Processing Line] DEBUG n.s.c.p.DarkroomProcessingLine - Saving screenshot to target/site/serenity/3758a797e8368bb907ece10b2bcce921f5cac0b2f0ab892435346eba4c184e0d.png
11:04:33.968 [Darkroom Processing Line] DEBUG n.s.c.p.DarkroomProcessingLine - Processing screenshot image in /var/screenshots/screenshot-1903048873960754596
11:04:33.969 [Darkroom Processing Line] DEBUG n.s.c.p.DarkroomProcessingLine - Saving screenshot to target/site/serenity/c7197c2d7a2af703cceae6b30adbaf46af17150066a6d39a2412ce8a8203f41b.png
11:04:35.250 [Darkroom Processing Line] DEBUG n.s.c.p.DarkroomProcessingLine - Processing screenshot image in /var/screenshots/screenshot-5488386957166891932
11:04:35.250 [Darkroom Processing Line] DEBUG n.s.c.p.DarkroomProcessingLine - Saving screenshot to target/site/serenity/f9a1669d3b9d6e468eb4180bdf646540f2700a7e989c892778a1f1d3c4440857.png
11:04:41.231 [Darkroom Processing Line] DEBUG n.s.c.p.DarkroomProcessingLine - Processing screenshot image in /var/screenshots/screenshot-6984608671684769568
11:04:41.231 [Darkroom Processing Line] DEBUG n.s.c.p.DarkroomProcessingLine - Saving screenshot to target/site/serenity/7f4fe5fd349a2f6303314ae9382522ec9dd1c7d93fa38a97eac094a2cee485ca.png
11:04:46.737 [Darkroom Processing Line] DEBUG n.s.c.p.DarkroomProcessingLine - Processing screenshot image in /var/screenshots/screenshot-8510826349628793141
11:04:46.737 [Darkroom Processing Line] DEBUG n.s.c.p.DarkroomProcessingLine - Saving screenshot to target/site/serenity/c44f39c605eb40ce3cf588eeb5a2d6719dc8d953cc3c6ad6094a56dabc40a14e.png
11:04:47.938 [Darkroom Processing Line] DEBUG n.s.c.p.DarkroomProcessingLine - Processing screenshot image in /var/screenshots/screenshot-1492858094704276378
11:04:47.938 [Darkroom Processing Line] DEBUG n.s.c.p.DarkroomProcessingLine - Saving screenshot to target/site/serenity/2fe8a255918138770a2d17ef43a082742ddd67bd4e1e5ac00ce29e3bc1faef96.png
11:04:53.876 [Darkroom Processing Line] DEBUG n.s.c.p.DarkroomProcessingLine - Processing screenshot image in /var/screenshots/screenshot-2265915658710577129
11:04:53.876 [Darkroom Processing Line] DEBUG n.s.c.p.DarkroomProcessingLine - Saving screenshot to target/site/serenity/da3f69403241a13679347b8e0aec49e4f53b65232f224ad2b15b46815a39267f.png
11:04:56.188 [Darkroom Processing Line] DEBUG n.s.c.p.DarkroomProcessingLine - Darkroom processing line shutting down
]]></system-out>
    <system-err><![CDATA[Jul 18, 2020 11:04:01 AM org.openqa.selenium.remote.DesiredCapabilities chrome
INFO: Using `new ChromeOptions()` is preferred to `DesiredCapabilities.chrome()`
Starting ChromeDriver 83.0.4103.39 (ccbf011cb2d2b19b506d844400483861342c20cd-refs/branch-heads/4103@{#416}) on port 19454
Only local connections are allowed.
Please see https://chromedriver.chromium.org/security-considerations for suggestions on keeping ChromeDriver safe.
ChromeDriver was started successfully.
[1595088242.225][WARNING]: This version of ChromeDriver has not been tested with Chrome version 84.
Jul 18, 2020 11:04:02 AM org.openqa.selenium.remote.ProtocolHandshake createSession
INFO: Detected dialect: W3C
]]></system-err>
  </testcase>
  <testcase name="Registro de usuario con solo los campos obligatorios" classname="Registro de usuario en TestingYes" time="13.688">
    <system-out><![CDATA[Feature from file:///home/ahuaracab/Desktop/projects/testingyes-cucumber-project/src/test/resources/features/testcase_testingyes.feature
11:04:15.028 [pool-2-thread-1] DEBUG n.t.core.steps.StepInterceptor - STARTING STEP: DefinicionDePasosParaRegistro.ingresa_a_testingyes - #actor ingresa a TestingYes
11:04:15.318 [pool-2-thread-1] INFO  n.s.c.w.d.ProvideNewDriver - Instantiating driver
11:04:15.319 [pool-2-thread-1] INFO  n.s.c.w.d.ProvideNewDriver - Driver capabilities: Capabilities {acceptInsecureCerts: false, browserName: chrome, goog:chromeOptions: {args: [], extensions: []}, loggingPrefs: org.openqa.selenium.logging..., platform: ANY, version: }
11:04:19.882 [pool-2-thread-1] DEBUG n.s.core.photography.Darkroom - Send negative for processing for target/site/serenity/6982843e1fd682382e7d9d5fea966f55ebffa5f85a85aee3d52f57ed20e1cc96.png
11:04:19.882 [pool-2-thread-1] DEBUG n.t.core.steps.StepInterceptor - STEP DONE: #actor ingresa a TestingYes
11:04:19.890 [pool-2-thread-1] DEBUG n.t.core.steps.StepInterceptor - STARTING STEP: DefinicionDePasosParaRegistro.ingresa_a_log_in - #actor ingresa a la pagina de log in
11:04:21.037 [pool-2-thread-1] DEBUG n.s.core.photography.Darkroom - Send negative for processing for target/site/serenity/6721a2fb359e918102d1a72fa394eb7a9ac977453a32fea160b43b87b50e0fc0.png
11:04:21.037 [pool-2-thread-1] DEBUG n.t.core.steps.StepInterceptor - STEP DONE: #actor ingresa a la pagina de log in
11:04:21.047 [pool-2-thread-1] DEBUG n.t.core.steps.StepInterceptor - STARTING STEP: DefinicionDePasosParaRegistro.se_registra_con - #actor se registra con los datos obligatorios: nombre: {0} , apellido: {1} , pais: {2} , direccion: {3} , ciudad: {4} , provincia: {5} , codigo postal: {6} , telefono: {7}, email: {8} , contrasena: {9} y confirmacion de con contrasena {10}$
11:04:27.735 [pool-2-thread-1] DEBUG n.s.core.photography.Darkroom - Send negative for processing for target/site/serenity/3758a797e8368bb907ece10b2bcce921f5cac0b2f0ab892435346eba4c184e0d.png
11:04:27.736 [pool-2-thread-1] DEBUG n.t.core.steps.StepInterceptor - STEP DONE: #actor se registra con los datos obligatorios: nombre: {0} , apellido: {1} , pais: {2} , direccion: {3} , ciudad: {4} , provincia: {5} , codigo postal: {6} , telefono: {7}, email: {8} , contrasena: {9} y confirmacion de con contrasena {10}$
11:04:27.744 [pool-2-thread-1] DEBUG n.t.core.steps.StepInterceptor - STARTING STEP: DefinicionDePasosParaRegistro.deberia_ver_la_confirmacion_de_registro - #actor deberia ver la confirmacion de registro: {0}
11:04:28.496 [pool-2-thread-1] DEBUG n.s.core.photography.Darkroom - Send negative for processing for target/site/serenity/3758a797e8368bb907ece10b2bcce921f5cac0b2f0ab892435346eba4c184e0d.png
11:04:28.497 [pool-2-thread-1] DEBUG n.t.core.steps.StepInterceptor - STEP DONE: #actor deberia ver la confirmacion de registro: {0}
11:04:28.679 [pool-2-thread-1] INFO   - 
        __    _____ _____ ____ _____   ____   _    ____  ____  _____ ____  
  _     \ \  |_   _| ____/ ___|_   _| |  _ \ / \  / ___|/ ___|| ____|  _ \ 
 (_)_____| |   | | |  _| \___ \ | |   | |_) / _ \ \___ \\___ \|  _| | | | |
  _|_____| |   | | | |___ ___) || |   |  __/ ___ \ ___) |___) | |___| |_| |
 (_)     | |   |_| |_____|____/ |_|   |_| /_/   \_\____/|____/|_____|____/ 
        /_/                                                                

Registro de usuario con solo los campos obligatorios
----------------------------------------------------------------------------
]]></system-out>
    <system-err><![CDATA[Jul 18, 2020 11:04:15 AM org.openqa.selenium.remote.DesiredCapabilities chrome
INFO: Using `new ChromeOptions()` is preferred to `DesiredCapabilities.chrome()`
Starting ChromeDriver 83.0.4103.39 (ccbf011cb2d2b19b506d844400483861342c20cd-refs/branch-heads/4103@{#416}) on port 25899
Only local connections are allowed.
Please see https://chromedriver.chromium.org/security-considerations for suggestions on keeping ChromeDriver safe.
ChromeDriver was started successfully.
[1595088255.628][WARNING]: This version of ChromeDriver has not been tested with Chrome version 84.
Jul 18, 2020 11:04:15 AM org.openqa.selenium.remote.ProtocolHandshake createSession
INFO: Detected dialect: W3C
]]></system-err>
  </testcase>
  <testcase name="Registro de usuario con solo los campos obligatorios" classname="Registro de usuario en TestingYes" time="13.222">
    <system-out><![CDATA[Feature from file:///home/ahuaracab/Desktop/projects/testingyes-cucumber-project/src/test/resources/features/testcase_testingyes.feature
11:04:28.708 [pool-2-thread-1] DEBUG n.t.core.steps.StepInterceptor - STARTING STEP: DefinicionDePasosParaRegistro.ingresa_a_testingyes - #actor ingresa a TestingYes
11:04:28.923 [pool-2-thread-1] INFO  n.s.c.w.d.ProvideNewDriver - Instantiating driver
11:04:28.923 [pool-2-thread-1] INFO  n.s.c.w.d.ProvideNewDriver - Driver capabilities: Capabilities {acceptInsecureCerts: false, browserName: chrome, goog:chromeOptions: {args: [], extensions: []}, loggingPrefs: org.openqa.selenium.logging..., platform: ANY, version: }
11:04:33.968 [pool-2-thread-1] DEBUG n.s.core.photography.Darkroom - Send negative for processing for target/site/serenity/c7197c2d7a2af703cceae6b30adbaf46af17150066a6d39a2412ce8a8203f41b.png
11:04:33.969 [pool-2-thread-1] DEBUG n.t.core.steps.StepInterceptor - STEP DONE: #actor ingresa a TestingYes
11:04:33.976 [pool-2-thread-1] DEBUG n.t.core.steps.StepInterceptor - STARTING STEP: DefinicionDePasosParaRegistro.ingresa_a_log_in - #actor ingresa a la pagina de log in
11:04:35.250 [pool-2-thread-1] DEBUG n.s.core.photography.Darkroom - Send negative for processing for target/site/serenity/f9a1669d3b9d6e468eb4180bdf646540f2700a7e989c892778a1f1d3c4440857.png
11:04:35.250 [pool-2-thread-1] DEBUG n.t.core.steps.StepInterceptor - STEP DONE: #actor ingresa a la pagina de log in
11:04:35.259 [pool-2-thread-1] DEBUG n.t.core.steps.StepInterceptor - STARTING STEP: DefinicionDePasosParaRegistro.se_registra_con - #actor se registra con los datos obligatorios: nombre: {0} , apellido: {1} , pais: {2} , direccion: {3} , ciudad: {4} , provincia: {5} , codigo postal: {6} , telefono: {7}, email: {8} , contrasena: {9} y confirmacion de con contrasena {10}$
11:04:41.231 [pool-2-thread-1] DEBUG n.s.core.photography.Darkroom - Send negative for processing for target/site/serenity/7f4fe5fd349a2f6303314ae9382522ec9dd1c7d93fa38a97eac094a2cee485ca.png
11:04:41.231 [pool-2-thread-1] DEBUG n.t.core.steps.StepInterceptor - STEP DONE: #actor se registra con los datos obligatorios: nombre: {0} , apellido: {1} , pais: {2} , direccion: {3} , ciudad: {4} , provincia: {5} , codigo postal: {6} , telefono: {7}, email: {8} , contrasena: {9} y confirmacion de con contrasena {10}$
11:04:41.243 [pool-2-thread-1] DEBUG n.t.core.steps.StepInterceptor - STARTING STEP: DefinicionDePasosParaRegistro.deberia_ver_la_confirmacion_de_registro - #actor deberia ver la confirmacion de registro: {0}
11:04:41.676 [pool-2-thread-1] DEBUG n.s.core.photography.Darkroom - Send negative for processing for target/site/serenity/7f4fe5fd349a2f6303314ae9382522ec9dd1c7d93fa38a97eac094a2cee485ca.png
11:04:41.676 [pool-2-thread-1] DEBUG n.t.core.steps.StepInterceptor - STEP DONE: #actor deberia ver la confirmacion de registro: {0}
]]></system-out>
    <system-err><![CDATA[Jul 18, 2020 11:04:28 AM org.openqa.selenium.remote.DesiredCapabilities chrome
INFO: Using `new ChromeOptions()` is preferred to `DesiredCapabilities.chrome()`
Starting ChromeDriver 83.0.4103.39 (ccbf011cb2d2b19b506d844400483861342c20cd-refs/branch-heads/4103@{#416}) on port 19355
Only local connections are allowed.
Please see https://chromedriver.chromium.org/security-considerations for suggestions on keeping ChromeDriver safe.
ChromeDriver was started successfully.
[1595088269.309][WARNING]: This version of ChromeDriver has not been tested with Chrome version 84.
Jul 18, 2020 11:04:29 AM org.openqa.selenium.remote.ProtocolHandshake createSession
INFO: Detected dialect: W3C
]]></system-err>
  </testcase>
  <testcase name="Registro de usuario con solo los campos obligatorios" classname="Registro de usuario en TestingYes" time="12.702">
    <system-out><![CDATA[Feature from file:///home/ahuaracab/Desktop/projects/testingyes-cucumber-project/src/test/resources/features/testcase_testingyes.feature
11:04:41.927 [pool-2-thread-1] DEBUG n.t.core.steps.StepInterceptor - STARTING STEP: DefinicionDePasosParaRegistro.ingresa_a_testingyes - #actor ingresa a TestingYes
11:04:42.148 [pool-2-thread-1] INFO  n.s.c.w.d.ProvideNewDriver - Instantiating driver
11:04:42.148 [pool-2-thread-1] INFO  n.s.c.w.d.ProvideNewDriver - Driver capabilities: Capabilities {acceptInsecureCerts: false, browserName: chrome, goog:chromeOptions: {args: [], extensions: []}, loggingPrefs: org.openqa.selenium.logging..., platform: ANY, version: }
11:04:46.737 [pool-2-thread-1] DEBUG n.s.core.photography.Darkroom - Send negative for processing for target/site/serenity/c44f39c605eb40ce3cf588eeb5a2d6719dc8d953cc3c6ad6094a56dabc40a14e.png
11:04:46.737 [pool-2-thread-1] DEBUG n.t.core.steps.StepInterceptor - STEP DONE: #actor ingresa a TestingYes
11:04:46.747 [pool-2-thread-1] DEBUG n.t.core.steps.StepInterceptor - STARTING STEP: DefinicionDePasosParaRegistro.ingresa_a_log_in - #actor ingresa a la pagina de log in
11:04:47.938 [pool-2-thread-1] DEBUG n.s.core.photography.Darkroom - Send negative for processing for target/site/serenity/2fe8a255918138770a2d17ef43a082742ddd67bd4e1e5ac00ce29e3bc1faef96.png
11:04:47.938 [pool-2-thread-1] DEBUG n.t.core.steps.StepInterceptor - STEP DONE: #actor ingresa a la pagina de log in
11:04:47.947 [pool-2-thread-1] DEBUG n.t.core.steps.StepInterceptor - STARTING STEP: DefinicionDePasosParaRegistro.se_registra_con - #actor se registra con los datos obligatorios: nombre: {0} , apellido: {1} , pais: {2} , direccion: {3} , ciudad: {4} , provincia: {5} , codigo postal: {6} , telefono: {7}, email: {8} , contrasena: {9} y confirmacion de con contrasena {10}$
11:04:53.875 [pool-2-thread-1] DEBUG n.s.core.photography.Darkroom - Send negative for processing for target/site/serenity/da3f69403241a13679347b8e0aec49e4f53b65232f224ad2b15b46815a39267f.png
11:04:53.876 [pool-2-thread-1] DEBUG n.t.core.steps.StepInterceptor - STEP DONE: #actor se registra con los datos obligatorios: nombre: {0} , apellido: {1} , pais: {2} , direccion: {3} , ciudad: {4} , provincia: {5} , codigo postal: {6} , telefono: {7}, email: {8} , contrasena: {9} y confirmacion de con contrasena {10}$
11:04:53.883 [pool-2-thread-1] DEBUG n.t.core.steps.StepInterceptor - STARTING STEP: DefinicionDePasosParaRegistro.deberia_ver_la_confirmacion_de_registro - #actor deberia ver la confirmacion de registro: {0}
11:04:54.379 [pool-2-thread-1] DEBUG n.s.core.photography.Darkroom - Send negative for processing for target/site/serenity/da3f69403241a13679347b8e0aec49e4f53b65232f224ad2b15b46815a39267f.png
11:04:54.379 [pool-2-thread-1] DEBUG n.t.core.steps.StepInterceptor - STEP DONE: #actor deberia ver la confirmacion de registro: {0}
]]></system-out>
    <system-err><![CDATA[Jul 18, 2020 11:04:41 AM org.openqa.selenium.remote.DesiredCapabilities chrome
INFO: Using `new ChromeOptions()` is preferred to `DesiredCapabilities.chrome()`
Starting ChromeDriver 83.0.4103.39 (ccbf011cb2d2b19b506d844400483861342c20cd-refs/branch-heads/4103@{#416}) on port 26872
Only local connections are allowed.
Please see https://chromedriver.chromium.org/security-considerations for suggestions on keeping ChromeDriver safe.
ChromeDriver was started successfully.
[1595088282.494][WARNING]: This version of ChromeDriver has not been tested with Chrome version 84.
Jul 18, 2020 11:04:42 AM org.openqa.selenium.remote.ProtocolHandshake createSession
INFO: Detected dialect: W3C
]]></system-err>
  </testcase>
</testsuite>