<?xml version="1.0" encoding="UTF-8"?>
<testsuite xmlns:xsi="http://www.w3.org/2001/XMLSchema-instance" xsi:noNamespaceSchemaLocation="https://maven.apache.org/surefire/maven-failsafe-plugin/xsd/failsafe-test-report-3.0.xsd" version="3.0" name="Registro de usuario en TestingYes" time="35.079" tests="2" errors="2" skipped="0" failures="0">
  <properties>
[...]
</properties>
  <testcase name="Registro de usuario con solo los campos obligatorios" classname="Registro de usuario en TestingYes" time="17.724">
    <error message="Expected enabled element was not enabled" type="net.thucydides.core.webdriver.exceptions.ElementShouldBeEnabledException"><![CDATA[net.thucydides.core.webdriver.exceptions.ElementShouldBeEnabledException: Expected enabled element was not enabled
Caused by: org.openqa.selenium.TimeoutException: Expected condition failed: waiting for PaginaLogInTestingYes.cajaDeDireccion to be enabled (tried for 5 second(s) with 100 milliseconds interval)
Caused by: org.openqa.selenium.NoSuchElementException: 
Timed out after 2 seconds. Element not found
For documentation on this error, please visit: https://www.seleniumhq.org/exceptions/no_such_element.html
Build info: version: '3.141.59', revision: 'e82be7d358', time: '2018-11-14T08:17:03'
System info: host: 'angelohb', ip: '127.0.1.1', os.name: 'Linux', os.arch: 'amd64', os.version: '4.15.0-109-generic', java.version: '1.8.0_252'
Driver info: driver.version: unknown
]]></error>
    <system-out><![CDATA[00:16:13.271 [main] WARN  i.c.junit.CucumberSerenityRunner - By default Cucumber is running in --non-strict mode.
This default will change to --strict and --non-strict will be removed.
You can use --strict or @CucumberOptions(strict = true) to suppress this warning

00:16:13.551 [main] DEBUG n.t.c.u.PropertiesFileLocalPreferences - LOADING LOCAL PROPERTIES FROM /home/ahuaracab/Desktop/projects/testingyes-cucumber-project/serenity.properties 

00:16:13.590 [main] DEBUG n.t.c.u.PropertiesFileLocalPreferences - LOADING LOCAL PROPERTIES FROM /home/ahuaracab/Desktop/projects/testingyes-cucumber-project/serenity.properties 

00:16:13.590 [main] DEBUG n.t.c.u.PropertiesFileLocalPreferences - LOADING LOCAL PROPERTIES FROM /home/ahuaracab/Desktop/projects/testingyes-cucumber-project/serenity.properties 

00:16:13.599 [main] DEBUG n.t.c.u.PropertiesFileLocalPreferences - webdriver.driver=chrome

00:16:13.599 [main] DEBUG n.t.c.u.PropertiesFileLocalPreferences - drivers.linux.webdriver.chrome.driver=src/test/resources/webdriver/linux/chromedriver

00:16:13.599 [main] DEBUG n.t.c.u.PropertiesFileLocalPreferences - drivers.linux.webdriver.gecko.driver=src/test/resources/webdriver/linux/geckodriver

00:16:13.599 [main] DEBUG n.t.c.u.PropertiesFileLocalPreferences - serenity.test.root=testingyes

00:16:13.599 [main] DEBUG n.t.c.u.PropertiesFileLocalPreferences - serenity.project.name=Automatizacion de Pruebas Para TestingYes

00:16:13.600 [main] DEBUG n.t.c.u.PropertiesFileLocalPreferences - serenity.browser.maximized=true

Feature from file:///home/ahuaracab/Desktop/projects/testingyes-cucumber-project/src/test/resources/features/testcase_testingyes.feature
00:16:13.928 [pool-2-thread-1] DEBUG n.t.c.u.PropertiesFileLocalPreferences - LOADING LOCAL PROPERTIES FROM /home/ahuaracab/Desktop/projects/testingyes-cucumber-project/serenity.properties 

00:16:13.949 [pool-2-thread-1] DEBUG n.t.c.u.PropertiesFileLocalPreferences - LOADING LOCAL PROPERTIES FROM /home/ahuaracab/Desktop/projects/testingyes-cucumber-project/serenity.properties 

00:16:13.950 [pool-2-thread-1] DEBUG n.t.c.u.PropertiesFileLocalPreferences - LOADING LOCAL PROPERTIES FROM /home/ahuaracab/Desktop/projects/testingyes-cucumber-project/serenity.properties 

00:16:13.950 [pool-2-thread-1] DEBUG n.t.c.u.PropertiesFileLocalPreferences - webdriver.driver=chrome

00:16:13.950 [pool-2-thread-1] DEBUG n.t.c.u.PropertiesFileLocalPreferences - drivers.linux.webdriver.chrome.driver=src/test/resources/webdriver/linux/chromedriver

00:16:13.950 [pool-2-thread-1] DEBUG n.t.c.u.PropertiesFileLocalPreferences - drivers.linux.webdriver.gecko.driver=src/test/resources/webdriver/linux/geckodriver

00:16:13.950 [pool-2-thread-1] DEBUG n.t.c.u.PropertiesFileLocalPreferences - serenity.test.root=testingyes

00:16:13.951 [pool-2-thread-1] DEBUG n.t.c.u.PropertiesFileLocalPreferences - serenity.project.name=Automatizacion de Pruebas Para TestingYes

00:16:13.951 [pool-2-thread-1] DEBUG n.t.c.u.PropertiesFileLocalPreferences - serenity.browser.maximized=true

00:16:13.959 [pool-2-thread-1] INFO   - 

-------------------------------------------------------------------------------------
     _______. _______ .______       _______ .__   __.  __  .___________.____    ____ 
    /       ||   ____||   _  \     |   ____||  \ |  | |  | |           |\   \  /   / 
   |   (----`|  |__   |  |_)  |    |  |__   |   \|  | |  | `---|  |----` \   \/   /  
    \   \    |   __|  |      /     |   __|  |  . `  | |  |     |  |       \_    _/   
.----)   |   |  |____ |  |\  \----.|  |____ |  |\   | |  |     |  |         |  |     
|_______/    |_______|| _| `._____||_______||__| \__| |__|     |__|         |__|    
                                                                                     
 News and tutorials at http://www.serenity-bdd.info                                  
 Documentation at https://wakaleo.gitbooks.io/the-serenity-book/content/             
 Join the Serenity Community on Gitter: https://gitter.im/serenity-bdd/serenity-core 
 Serenity BDD Support and Training at http://serenity-bdd.info/#/trainingandsupport  
-------------------------------------------------------------------------------------


00:16:13.961 [pool-2-thread-1] DEBUG n.thucydides.core.steps.StepEventBus - Test suite started for story net.thucydides.core.model.Story@cd700edf

00:16:13.963 [pool-2-thread-1] INFO   - Test Suite Started: Registro de usuario en TestingYes

00:16:31.875 [pool-2-thread-1] ERROR  - 
           __  _____ _____ ____ _____   _____ _    ___ _     _____ ____  
  _       / / |_   _| ____/ ___|_   _| |  ___/ \  |_ _| |   | ____|  _ \ 
 (_)_____| |    | | |  _| \___ \ | |   | |_ / _ \  | || |   |  _| | | | |
  _|_____| |    | | | |___ ___) || |   |  _/ ___ \ | || |___| |___| |_| |
 (_)     | |    |_| |_____|____/ |_|   |_|/_/   \_\___|_____|_____|____/ 
          \_\                                                            

Registro de usuario con solo los campos obligatorios
--------------------------------------------------------------------------

00:16:31.877 [pool-2-thread-1] DEBUG  - RELATED ISSUES: 

00:16:31.960 [pool-2-thread-1] ERROR  -     Test failed at step: Ingresar datos: Angelo, Huaraca, Peru, Los Olivos, Lima, Lima, 15037, 946532941, test0003@mailinator.com, 1234567, 1234567

00:16:31.961 [pool-2-thread-1] ERROR  -     Expected enabled element was not enabledBuild info: version: '3.141.59', revision: 'e82be7d358', time: '2018-11-14T08:17:03'System info: host: 'angelohb', ip: '127.0.1.1', os.name: 'Linux', os.arch: 'amd64', os.version: '4.15.0-109-generic', java.version: '1.8.0_252'Driver info: driver.version: unknown

00:16:49.482 [pool-2-thread-1] ERROR  - 
           __  _____ _____ ____ _____   _____ _    ___ _     _____ ____  
  _       / / |_   _| ____/ ___|_   _| |  ___/ \  |_ _| |   | ____|  _ \ 
 (_)_____| |    | | |  _| \___ \ | |   | |_ / _ \  | || |   |  _| | | | |
  _|_____| |    | | | |___ ___) || |   |  _/ ___ \ | || |___| |___| |_| |
 (_)     | |    |_| |_____|____/ |_|   |_|/_/   \_\___|_____|_____|____/ 
          \_\                                                            

Registro de usuario con solo los campos obligatorios
--------------------------------------------------------------------------

00:16:49.482 [pool-2-thread-1] DEBUG  - RELATED ISSUES: 

00:16:49.482 [pool-2-thread-1] ERROR  -     Test failed at step: Ingresar datos: Carlos, Fernandez, Argentina, La Perla, La Plata, La Plata, 11234, 985632147, test0004@mailinator.com, 3234567, 3234567

00:16:49.482 [pool-2-thread-1] ERROR  -     Expected enabled element was not enabledBuild info: version: '3.141.59', revision: 'e82be7d358', time: '2018-11-14T08:17:03'System info: host: 'angelohb', ip: '127.0.1.1', os.name: 'Linux', os.arch: 'amd64', os.version: '4.15.0-109-generic', java.version: '1.8.0_252'Driver info: driver.version: unknown


&amp#27;[31mFailed scenarios:&amp#27;[0m
&amp#27;[31mfile:///home/ahuaracab/Desktop/projects/testingyes-cucumber-project/src/test/resources/features/testcase_testingyes.feature:13&amp#27;[0m
# Registro de usuario con solo los campos obligatorios
&amp#27;[31mfile:///home/ahuaracab/Desktop/projects/testingyes-cucumber-project/src/test/resources/features/testcase_testingyes.feature:14&amp#27;[0m
# Registro de usuario con solo los campos obligatorios

2
 Scenarios (
&amp#27;[31m2 failed&amp#27;[0m
)
8
 Steps (
&amp#27;[31m2 failed&amp#27;[0m
, 
&amp#27;[36m2 skipped&amp#27;[0m
, 
&amp#27;[32m4 passed&amp#27;[0m
)
0m
35.721s


net.thucydides.core.webdriver.exceptions.ElementShouldBeEnabledException: Expected enabled element was not enabled
	at net.serenitybdd.core.pages.WebElementFacadeImpl.waitUntilEnabled(WebElementFacadeImpl.java:1148)
	at net.serenitybdd.core.pages.WebElementFacadeImpl.waitUntilElementAvailable(WebElementFacadeImpl.java:953)
	at net.serenitybdd.core.pages.WebElementFacadeImpl.type(WebElementFacadeImpl.java:810)
	at sun.reflect.NativeMethodAccessorImpl.invoke0(Native Method)
	at sun.reflect.NativeMethodAccessorImpl.invoke(NativeMethodAccessorImpl.java:62)
	at sun.reflect.DelegatingMethodAccessorImpl.invoke(DelegatingMethodAccessorImpl.java:43)
	at java.lang.reflect.Method.invoke(Method.java:498)
	at net.thucydides.core.annotations.locators.AbstractSingleItemHandler.invoke(AbstractSingleItemHandler.java:45)
	at com.sun.proxy.$Proxy34.type(Unknown Source)
	at testingyes.page.PaginaLogInTestingYes.ingresarDireccion(PaginaLogInTestingYes.java:60)
	at testingyes.page.PaginaLogInTestingYes$ByteBuddy$fBpHK2X9.ingresarDireccion$accessor$5LJEe3tU(Unknown Source)
	at sun.reflect.NativeMethodAccessorImpl.invoke0(Native Method)
	at sun.reflect.NativeMethodAccessorImpl.invoke(NativeMethodAccessorImpl.java:62)
	at sun.reflect.DelegatingMethodAccessorImpl.invoke(DelegatingMethodAccessorImpl.java:43)
	at java.lang.reflect.Method.invoke(Method.java:498)
	at net.thucydides.core.steps.BaseMethodRunner.invokeMethod(BaseMethodRunner.java:18)
	at net.thucydides.core.steps.NormalMethodRunner.invokeMethodAndNotifyFailures(NormalMethodRunner.java:18)
	at net.thucydides.core.steps.StepInterceptor.runNormalMethod(StepInterceptor.java:394)
	at net.thucydides.core.steps.StepInterceptor.testStepResult(StepInterceptor.java:179)
	at net.thucydides.core.steps.StepInterceptor.intercept(StepInterceptor.java:77)
	at net.thucydides.core.steps.ProxyConfiguration$InterceptorDispatcher.intercept(ProxyConfiguration.java:51)
	at testingyes.page.PaginaLogInTestingYes$ByteBuddy$fBpHK2X9.ingresarDireccion(Unknown Source)
	at testingyes.page.PaginaLogInTestingYes.ingresarDatos(PaginaLogInTestingYes.java:99)
	at testingyes.page.PaginaLogInTestingYes$ByteBuddy$fBpHK2X9.ingresarDatos$accessor$5LJEe3tU(Unknown Source)
	at sun.reflect.NativeMethodAccessorImpl.invoke0(Native Method)
	at sun.reflect.NativeMethodAccessorImpl.invoke(NativeMethodAccessorImpl.java:62)
	at sun.reflect.DelegatingMethodAccessorImpl.invoke(DelegatingMethodAccessorImpl.java:43)
	at java.lang.reflect.Method.invoke(Method.java:498)
	at net.thucydides.core.steps.BaseMethodRunner.invokeMethod(BaseMethodRunner.java:18)
	at net.thucydides.core.steps.NormalMethodRunner.invokeMethodAndNotifyFailures(NormalMethodRunner.java:18)
	at net.thucydides.core.steps.StepInterceptor.runNormalMethod(StepInterceptor.java:394)
	at net.thucydides.core.steps.StepInterceptor.testStepResult(StepInterceptor.java:179)
	at net.thucydides.core.steps.StepInterceptor.intercept(StepInterceptor.java:77)
	at net.thucydides.core.steps.ProxyConfiguration$InterceptorDispatcher.intercept(ProxyConfiguration.java:51)
	at testingyes.page.PaginaLogInTestingYes$ByteBuddy$fBpHK2X9.ingresarDatos(Unknown Source)
	at testingyes.step.UsuarioParaRegistro.seRegistraCon(UsuarioParaRegistro.java:38)
	at testingyes.step.UsuarioParaRegistro$ByteBuddy$e4pIrWh3.seRegistraCon$accessor$QyvBL3AH(Unknown Source)
	at sun.reflect.NativeMethodAccessorImpl.invoke0(Native Method)
	at sun.reflect.NativeMethodAccessorImpl.invoke(NativeMethodAccessorImpl.java:62)
	at sun.reflect.DelegatingMethodAccessorImpl.invoke(DelegatingMethodAccessorImpl.java:43)
	at java.lang.reflect.Method.invoke(Method.java:498)
	at net.thucydides.core.steps.StepInterceptor.invokeMethod(StepInterceptor.java:488)
	at net.thucydides.core.steps.StepInterceptor.executeTestStepMethod(StepInterceptor.java:468)
	at net.thucydides.core.steps.StepInterceptor.runTestStep(StepInterceptor.java:441)
	at net.thucydides.core.steps.StepInterceptor.runOrSkipMethod(StepInterceptor.java:197)
	at net.thucydides.core.steps.StepInterceptor.testStepResult(StepInterceptor.java:184)
	at net.thucydides.core.steps.StepInterceptor.intercept(StepInterceptor.java:77)
	at net.thucydides.core.steps.ProxyConfiguration$InterceptorDispatcher.intercept(ProxyConfiguration.java:51)
	at testingyes.step.UsuarioParaRegistro$ByteBuddy$e4pIrWh3.seRegistraCon(Unknown Source)
	at testingyes.stepdefinition.DefinicionDePasosParaRegistro.se_registra_con(DefinicionDePasosParaRegistro.java:30)
	at ✽.angelo se registra con los datos obligatorios: nombre: Angelo , apellido: Huaraca , pais: Peru , direccion: Los Olivos , ciudad: Lima , provincia: Lima , codigo postal: 15037 , telefono: 946532941 , email: test0003@mailinator.com , contrasena: 1234567 y confirmacion de contrasena: 1234567(file:///home/ahuaracab/Desktop/projects/testingyes-cucumber-project/src/test/resources/features/testcase_testingyes.feature:8)
Caused by: org.openqa.selenium.TimeoutException: Expected condition failed: waiting for PaginaLogInTestingYes.cajaDeDireccion to be enabled (tried for 5 second(s) with 100 milliseconds interval)
	at org.openqa.selenium.support.ui.FluentWait.timeoutException(FluentWait.java:304)
	at org.openqa.selenium.support.ui.FluentWait.until(FluentWait.java:272)
	at net.serenitybdd.core.pages.WebElementFacadeImpl.waitUntilEnabled(WebElementFacadeImpl.java:1145)
	at net.serenitybdd.core.pages.WebElementFacadeImpl.waitUntilElementAvailable(WebElementFacadeImpl.java:953)
	at net.serenitybdd.core.pages.WebElementFacadeImpl.type(WebElementFacadeImpl.java:810)
	at sun.reflect.NativeMethodAccessorImpl.invoke0(Native Method)
	at sun.reflect.NativeMethodAccessorImpl.invoke(NativeMethodAccessorImpl.java:62)
	at sun.reflect.DelegatingMethodAccessorImpl.invoke(DelegatingMethodAccessorImpl.java:43)
	at java.lang.reflect.Method.invoke(Method.java:498)
	at net.thucydides.core.annotations.locators.AbstractSingleItemHandler.invoke(AbstractSingleItemHandler.java:45)
	at com.sun.proxy.$Proxy34.type(Unknown Source)
	at testingyes.page.PaginaLogInTestingYes.ingresarDireccion(PaginaLogInTestingYes.java:60)
	at testingyes.page.PaginaLogInTestingYes$ByteBuddy$fBpHK2X9.ingresarDireccion$accessor$5LJEe3tU(Unknown Source)
	at sun.reflect.NativeMethodAccessorImpl.invoke0(Native Method)
	at sun.reflect.NativeMethodAccessorImpl.invoke(NativeMethodAccessorImpl.java:62)
	at sun.reflect.DelegatingMethodAccessorImpl.invoke(DelegatingMethodAccessorImpl.java:43)
	at java.lang.reflect.Method.invoke(Method.java:498)
	at net.thucydides.core.steps.BaseMethodRunner.invokeMethod(BaseMethodRunner.java:18)
	at net.thucydides.core.steps.NormalMethodRunner.invokeMethodAndNotifyFailures(NormalMethodRunner.java:18)
	at net.thucydides.core.steps.StepInterceptor.runNormalMethod(StepInterceptor.java:394)
	at net.thucydides.core.steps.StepInterceptor.testStepResult(StepInterceptor.java:179)
	at net.thucydides.core.steps.StepInterceptor.intercept(StepInterceptor.java:77)
	at net.thucydides.core.steps.ProxyConfiguration$InterceptorDispatcher.intercept(ProxyConfiguration.java:51)
	at testingyes.page.PaginaLogInTestingYes$ByteBuddy$fBpHK2X9.ingresarDireccion(Unknown Source)
	at testingyes.page.PaginaLogInTestingYes.ingresarDatos(PaginaLogInTestingYes.java:99)
	at testingyes.page.PaginaLogInTestingYes$ByteBuddy$fBpHK2X9.ingresarDatos$accessor$5LJEe3tU(Unknown Source)
	at sun.reflect.NativeMethodAccessorImpl.invoke0(Native Method)
	at sun.reflect.NativeMethodAccessorImpl.invoke(NativeMethodAccessorImpl.java:62)
	at sun.reflect.DelegatingMethodAccessorImpl.invoke(DelegatingMethodAccessorImpl.java:43)
	at java.lang.reflect.Method.invoke(Method.java:498)
	at net.thucydides.core.steps.BaseMethodRunner.invokeMethod(BaseMethodRunner.java:18)
	at net.thucydides.core.steps.NormalMethodRunner.invokeMethodAndNotifyFailures(NormalMethodRunner.java:18)
	at net.thucydides.core.steps.StepInterceptor.runNormalMethod(StepInterceptor.java:394)
	at net.thucydides.core.steps.StepInterceptor.testStepResult(StepInterceptor.java:179)
	at net.thucydides.core.steps.StepInterceptor.intercept(StepInterceptor.java:77)
	at net.thucydides.core.steps.ProxyConfiguration$InterceptorDispatcher.intercept(ProxyConfiguration.java:51)
	at testingyes.page.PaginaLogInTestingYes$ByteBuddy$fBpHK2X9.ingresarDatos(Unknown Source)
	at testingyes.step.UsuarioParaRegistro.seRegistraCon(UsuarioParaRegistro.java:38)
	at testingyes.step.UsuarioParaRegistro$ByteBuddy$e4pIrWh3.seRegistraCon$accessor$QyvBL3AH(Unknown Source)
	at sun.reflect.NativeMethodAccessorImpl.invoke0(Native Method)
	at sun.reflect.NativeMethodAccessorImpl.invoke(NativeMethodAccessorImpl.java:62)
	at sun.reflect.DelegatingMethodAccessorImpl.invoke(DelegatingMethodAccessorImpl.java:43)
	at java.lang.reflect.Method.invoke(Method.java:498)
	at net.thucydides.core.steps.StepInterceptor.invokeMethod(StepInterceptor.java:488)
	at net.thucydides.core.steps.StepInterceptor.executeTestStepMethod(StepInterceptor.java:468)
	at net.thucydides.core.steps.StepInterceptor.runTestStep(StepInterceptor.java:441)
	at net.thucydides.core.steps.StepInterceptor.runOrSkipMethod(StepInterceptor.java:197)
	at net.thucydides.core.steps.StepInterceptor.testStepResult(StepInterceptor.java:184)
	at net.thucydides.core.steps.StepInterceptor.intercept(StepInterceptor.java:77)
	at net.thucydides.core.steps.ProxyConfiguration$InterceptorDispatcher.intercept(ProxyConfiguration.java:51)
	at testingyes.step.UsuarioParaRegistro$ByteBuddy$e4pIrWh3.seRegistraCon(Unknown Source)
	at testingyes.stepdefinition.DefinicionDePasosParaRegistro.se_registra_con(DefinicionDePasosParaRegistro.java:30)
	at sun.reflect.NativeMethodAccessorImpl.invoke0(Native Method)
	at sun.reflect.NativeMethodAccessorImpl.invoke(NativeMethodAccessorImpl.java:62)
	at sun.reflect.DelegatingMethodAccessorImpl.invoke(DelegatingMethodAccessorImpl.java:43)
	at java.lang.reflect.Method.invoke(Method.java:498)
	at io.cucumber.java.Invoker.invoke(Invoker.java:27)
	at io.cucumber.java.JavaStepDefinition.execute(JavaStepDefinition.java:27)
	at io.cucumber.core.runner.PickleStepDefinitionMatch.runStep(PickleStepDefinitionMatch.java:63)
	at io.cucumber.core.runner.TestStep.executeStep(TestStep.java:64)
	at io.cucumber.core.runner.TestStep.run(TestStep.java:49)
	at io.cucumber.core.runner.PickleStepTestStep.run(PickleStepTestStep.java:46)
	at io.cucumber.core.runner.TestCase.run(TestCase.java:51)
	at io.cucumber.core.runner.Runner.runPickle(Runner.java:66)
	at io.cucumber.junit.PickleRunners$NoStepDescriptions.run(PickleRunners.java:149)
	at io.cucumber.junit.FeatureRunner.runChild(FeatureRunner.java:83)
	at io.cucumber.junit.FeatureRunner.runChild(FeatureRunner.java:24)
	at org.junit.runners.ParentRunner$4.run(ParentRunner.java:331)
	at org.junit.runners.ParentRunner$1.schedule(ParentRunner.java:79)
	at org.junit.runners.ParentRunner.runChildren(ParentRunner.java:329)
	at org.junit.runners.ParentRunner.access$100(ParentRunner.java:66)
	at org.junit.runners.ParentRunner$2.evaluate(ParentRunner.java:293)
	at org.junit.runners.ParentRunner$3.evaluate(ParentRunner.java:306)
	at org.junit.runners.ParentRunner.run(ParentRunner.java:413)
	at io.cucumber.junit.CucumberSerenityRunner.runChild(CucumberSerenityRunner.java:227)
	at io.cucumber.junit.CucumberSerenityRunner.runChild(CucumberSerenityRunner.java:54)
	at org.junit.runners.ParentRunner$4.run(ParentRunner.java:331)
	at org.apache.maven.surefire.junitcore.pc.Scheduler$1.run(Scheduler.java:405)
	at org.apache.maven.surefire.junitcore.pc.InvokerStrategy.schedule(InvokerStrategy.java:54)
	at org.apache.maven.surefire.junitcore.pc.Scheduler.schedule(Scheduler.java:362)
	at org.junit.runners.ParentRunner.runChildren(ParentRunner.java:329)
	at org.junit.runners.ParentRunner.access$100(ParentRunner.java:66)
	at org.junit.runners.ParentRunner$2.evaluate(ParentRunner.java:293)
	at io.cucumber.junit.CucumberSerenityRunner$RunCucumber.evaluate(CucumberSerenityRunner.java:254)
	at org.junit.runners.ParentRunner$3.evaluate(ParentRunner.java:306)
	at org.junit.runners.ParentRunner.run(ParentRunner.java:413)
	at org.junit.runners.Suite.runChild(Suite.java:128)
	at org.junit.runners.Suite.runChild(Suite.java:27)
	at org.junit.runners.ParentRunner$4.run(ParentRunner.java:331)
	at org.apache.maven.surefire.junitcore.pc.Scheduler$1.run(Scheduler.java:405)
	at java.util.concurrent.Executors$RunnableAdapter.call(Executors.java:511)
	at java.util.concurrent.FutureTask.run(FutureTask.java:266)
	at java.util.concurrent.ThreadPoolExecutor.runWorker(ThreadPoolExecutor.java:1149)
	at java.util.concurrent.ThreadPoolExecutor$Worker.run(ThreadPoolExecutor.java:624)
	at java.lang.Thread.run(Thread.java:748)
Caused by: org.openqa.selenium.NoSuchElementException: Timed out after 2 seconds. Element not found
For documentation on this error, please visit: https://www.seleniumhq.org/exceptions/no_such_element.html
Build info: version: '3.141.59', revision: 'e82be7d358', time: '2018-11-14T08:17:03'
System info: host: 'angelohb', ip: '127.0.1.1', os.name: 'Linux', os.arch: 'amd64', os.version: '4.15.0-109-generic', java.version: '1.8.0_252'
Driver info: driver.version: unknown
	at net.thucydides.core.annotations.locators.SmartAjaxElementLocator.ajaxFindElement(SmartAjaxElementLocator.java:166)
	at net.thucydides.core.annotations.locators.SmartAjaxElementLocator.findElement(SmartAjaxElementLocator.java:118)
	at net.serenitybdd.core.pages.WebElementResolverByElementLocator.resolveForDriver(WebElementResolverByElementLocator.java:30)
	at net.serenitybdd.core.pages.WebElementFacadeImpl.getResolvedELement(WebElementFacadeImpl.java:234)
	at net.serenitybdd.core.pages.WebElementFacadeImpl.getElement(WebElementFacadeImpl.java:229)
	at net.serenitybdd.core.pages.WebElementExpectations$3.apply(WebElementExpectations.java:63)
	at net.serenitybdd.core.pages.WebElementExpectations$3.apply(WebElementExpectations.java:55)
	at org.openqa.selenium.support.ui.FluentWait.until(FluentWait.java:249)
	... 93 more

net.thucydides.core.webdriver.exceptions.ElementShouldBeEnabledException: Expected enabled element was not enabled
	at net.serenitybdd.core.pages.WebElementFacadeImpl.waitUntilEnabled(WebElementFacadeImpl.java:1148)
	at net.serenitybdd.core.pages.WebElementFacadeImpl.waitUntilElementAvailable(WebElementFacadeImpl.java:953)
	at net.serenitybdd.core.pages.WebElementFacadeImpl.type(WebElementFacadeImpl.java:810)
	at sun.reflect.NativeMethodAccessorImpl.invoke0(Native Method)
	at sun.reflect.NativeMethodAccessorImpl.invoke(NativeMethodAccessorImpl.java:62)
	at sun.reflect.DelegatingMethodAccessorImpl.invoke(DelegatingMethodAccessorImpl.java:43)
	at java.lang.reflect.Method.invoke(Method.java:498)
	at net.thucydides.core.annotations.locators.AbstractSingleItemHandler.invoke(AbstractSingleItemHandler.java:45)
	at com.sun.proxy.$Proxy34.type(Unknown Source)
	at testingyes.page.PaginaLogInTestingYes.ingresarDireccion(PaginaLogInTestingYes.java:60)
	at testingyes.page.PaginaLogInTestingYes$ByteBuddy$fBpHK2X9.ingresarDireccion$accessor$5LJEe3tU(Unknown Source)
	at sun.reflect.NativeMethodAccessorImpl.invoke0(Native Method)
	at sun.reflect.NativeMethodAccessorImpl.invoke(NativeMethodAccessorImpl.java:62)
	at sun.reflect.DelegatingMethodAccessorImpl.invoke(DelegatingMethodAccessorImpl.java:43)
	at java.lang.reflect.Method.invoke(Method.java:498)
	at net.thucydides.core.steps.BaseMethodRunner.invokeMethod(BaseMethodRunner.java:18)
	at net.thucydides.core.steps.NormalMethodRunner.invokeMethodAndNotifyFailures(NormalMethodRunner.java:18)
	at net.thucydides.core.steps.StepInterceptor.runNormalMethod(StepInterceptor.java:394)
	at net.thucydides.core.steps.StepInterceptor.testStepResult(StepInterceptor.java:179)
	at net.thucydides.core.steps.StepInterceptor.intercept(StepInterceptor.java:77)
	at net.thucydides.core.steps.ProxyConfiguration$InterceptorDispatcher.intercept(ProxyConfiguration.java:51)
	at testingyes.page.PaginaLogInTestingYes$ByteBuddy$fBpHK2X9.ingresarDireccion(Unknown Source)
	at testingyes.page.PaginaLogInTestingYes.ingresarDatos(PaginaLogInTestingYes.java:99)
	at testingyes.page.PaginaLogInTestingYes$ByteBuddy$fBpHK2X9.ingresarDatos$accessor$5LJEe3tU(Unknown Source)
	at sun.reflect.NativeMethodAccessorImpl.invoke0(Native Method)
	at sun.reflect.NativeMethodAccessorImpl.invoke(NativeMethodAccessorImpl.java:62)
	at sun.reflect.DelegatingMethodAccessorImpl.invoke(DelegatingMethodAccessorImpl.java:43)
	at java.lang.reflect.Method.invoke(Method.java:498)
	at net.thucydides.core.steps.BaseMethodRunner.invokeMethod(BaseMethodRunner.java:18)
	at net.thucydides.core.steps.NormalMethodRunner.invokeMethodAndNotifyFailures(NormalMethodRunner.java:18)
	at net.thucydides.core.steps.StepInterceptor.runNormalMethod(StepInterceptor.java:394)
	at net.thucydides.core.steps.StepInterceptor.testStepResult(StepInterceptor.java:179)
	at net.thucydides.core.steps.StepInterceptor.intercept(StepInterceptor.java:77)
	at net.thucydides.core.steps.ProxyConfiguration$InterceptorDispatcher.intercept(ProxyConfiguration.java:51)
	at testingyes.page.PaginaLogInTestingYes$ByteBuddy$fBpHK2X9.ingresarDatos(Unknown Source)
	at testingyes.step.UsuarioParaRegistro.seRegistraCon(UsuarioParaRegistro.java:38)
	at testingyes.step.UsuarioParaRegistro$ByteBuddy$e4pIrWh3.seRegistraCon$accessor$QyvBL3AH(Unknown Source)
	at sun.reflect.NativeMethodAccessorImpl.invoke0(Native Method)
	at sun.reflect.NativeMethodAccessorImpl.invoke(NativeMethodAccessorImpl.java:62)
	at sun.reflect.DelegatingMethodAccessorImpl.invoke(DelegatingMethodAccessorImpl.java:43)
	at java.lang.reflect.Method.invoke(Method.java:498)
	at net.thucydides.core.steps.StepInterceptor.invokeMethod(StepInterceptor.java:488)
	at net.thucydides.core.steps.StepInterceptor.executeTestStepMethod(StepInterceptor.java:468)
	at net.thucydides.core.steps.StepInterceptor.runTestStep(StepInterceptor.java:441)
	at net.thucydides.core.steps.StepInterceptor.runOrSkipMethod(StepInterceptor.java:197)
	at net.thucydides.core.steps.StepInterceptor.testStepResult(StepInterceptor.java:184)
	at net.thucydides.core.steps.StepInterceptor.intercept(StepInterceptor.java:77)
	at net.thucydides.core.steps.ProxyConfiguration$InterceptorDispatcher.intercept(ProxyConfiguration.java:51)
	at testingyes.step.UsuarioParaRegistro$ByteBuddy$e4pIrWh3.seRegistraCon(Unknown Source)
	at testingyes.stepdefinition.DefinicionDePasosParaRegistro.se_registra_con(DefinicionDePasosParaRegistro.java:30)
	at ✽.angelo se registra con los datos obligatorios: nombre: Carlos , apellido: Fernandez , pais: Argentina , direccion: La Perla , ciudad: La Plata , provincia: La Plata , codigo postal: 11234 , telefono: 985632147 , email: test0004@mailinator.com , contrasena: 3234567 y confirmacion de contrasena: 3234567(file:///home/ahuaracab/Desktop/projects/testingyes-cucumber-project/src/test/resources/features/testcase_testingyes.feature:8)
Caused by: org.openqa.selenium.TimeoutException: Expected condition failed: waiting for PaginaLogInTestingYes.cajaDeDireccion to be enabled (tried for 5 second(s) with 100 milliseconds interval)
	at org.openqa.selenium.support.ui.FluentWait.timeoutException(FluentWait.java:304)
	at org.openqa.selenium.support.ui.FluentWait.until(FluentWait.java:272)
	at net.serenitybdd.core.pages.WebElementFacadeImpl.waitUntilEnabled(WebElementFacadeImpl.java:1145)
	at net.serenitybdd.core.pages.WebElementFacadeImpl.waitUntilElementAvailable(WebElementFacadeImpl.java:953)
	at net.serenitybdd.core.pages.WebElementFacadeImpl.type(WebElementFacadeImpl.java:810)
	at sun.reflect.NativeMethodAccessorImpl.invoke0(Native Method)
	at sun.reflect.NativeMethodAccessorImpl.invoke(NativeMethodAccessorImpl.java:62)
	at sun.reflect.DelegatingMethodAccessorImpl.invoke(DelegatingMethodAccessorImpl.java:43)
	at java.lang.reflect.Method.invoke(Method.java:498)
	at net.thucydides.core.annotations.locators.AbstractSingleItemHandler.invoke(AbstractSingleItemHandler.java:45)
	at com.sun.proxy.$Proxy34.type(Unknown Source)
	at testingyes.page.PaginaLogInTestingYes.ingresarDireccion(PaginaLogInTestingYes.java:60)
	at testingyes.page.PaginaLogInTestingYes$ByteBuddy$fBpHK2X9.ingresarDireccion$accessor$5LJEe3tU(Unknown Source)
	at sun.reflect.NativeMethodAccessorImpl.invoke0(Native Method)
	at sun.reflect.NativeMethodAccessorImpl.invoke(NativeMethodAccessorImpl.java:62)
	at sun.reflect.DelegatingMethodAccessorImpl.invoke(DelegatingMethodAccessorImpl.java:43)
	at java.lang.reflect.Method.invoke(Method.java:498)
	at net.thucydides.core.steps.BaseMethodRunner.invokeMethod(BaseMethodRunner.java:18)
	at net.thucydides.core.steps.NormalMethodRunner.invokeMethodAndNotifyFailures(NormalMethodRunner.java:18)
	at net.thucydides.core.steps.StepInterceptor.runNormalMethod(StepInterceptor.java:394)
	at net.thucydides.core.steps.StepInterceptor.testStepResult(StepInterceptor.java:179)
	at net.thucydides.core.steps.StepInterceptor.intercept(StepInterceptor.java:77)
	at net.thucydides.core.steps.ProxyConfiguration$InterceptorDispatcher.intercept(ProxyConfiguration.java:51)
	at testingyes.page.PaginaLogInTestingYes$ByteBuddy$fBpHK2X9.ingresarDireccion(Unknown Source)
	at testingyes.page.PaginaLogInTestingYes.ingresarDatos(PaginaLogInTestingYes.java:99)
	at testingyes.page.PaginaLogInTestingYes$ByteBuddy$fBpHK2X9.ingresarDatos$accessor$5LJEe3tU(Unknown Source)
	at sun.reflect.NativeMethodAccessorImpl.invoke0(Native Method)
	at sun.reflect.NativeMethodAccessorImpl.invoke(NativeMethodAccessorImpl.java:62)
	at sun.reflect.DelegatingMethodAccessorImpl.invoke(DelegatingMethodAccessorImpl.java:43)
	at java.lang.reflect.Method.invoke(Method.java:498)
	at net.thucydides.core.steps.BaseMethodRunner.invokeMethod(BaseMethodRunner.java:18)
	at net.thucydides.core.steps.NormalMethodRunner.invokeMethodAndNotifyFailures(NormalMethodRunner.java:18)
	at net.thucydides.core.steps.StepInterceptor.runNormalMethod(StepInterceptor.java:394)
	at net.thucydides.core.steps.StepInterceptor.testStepResult(StepInterceptor.java:179)
	at net.thucydides.core.steps.StepInterceptor.intercept(StepInterceptor.java:77)
	at net.thucydides.core.steps.ProxyConfiguration$InterceptorDispatcher.intercept(ProxyConfiguration.java:51)
	at testingyes.page.PaginaLogInTestingYes$ByteBuddy$fBpHK2X9.ingresarDatos(Unknown Source)
	at testingyes.step.UsuarioParaRegistro.seRegistraCon(UsuarioParaRegistro.java:38)
	at testingyes.step.UsuarioParaRegistro$ByteBuddy$e4pIrWh3.seRegistraCon$accessor$QyvBL3AH(Unknown Source)
	at sun.reflect.NativeMethodAccessorImpl.invoke0(Native Method)
	at sun.reflect.NativeMethodAccessorImpl.invoke(NativeMethodAccessorImpl.java:62)
	at sun.reflect.DelegatingMethodAccessorImpl.invoke(DelegatingMethodAccessorImpl.java:43)
	at java.lang.reflect.Method.invoke(Method.java:498)
	at net.thucydides.core.steps.StepInterceptor.invokeMethod(StepInterceptor.java:488)
	at net.thucydides.core.steps.StepInterceptor.executeTestStepMethod(StepInterceptor.java:468)
	at net.thucydides.core.steps.StepInterceptor.runTestStep(StepInterceptor.java:441)
	at net.thucydides.core.steps.StepInterceptor.runOrSkipMethod(StepInterceptor.java:197)
	at net.thucydides.core.steps.StepInterceptor.testStepResult(StepInterceptor.java:184)
	at net.thucydides.core.steps.StepInterceptor.intercept(StepInterceptor.java:77)
	at net.thucydides.core.steps.ProxyConfiguration$InterceptorDispatcher.intercept(ProxyConfiguration.java:51)
	at testingyes.step.UsuarioParaRegistro$ByteBuddy$e4pIrWh3.seRegistraCon(Unknown Source)
	at testingyes.stepdefinition.DefinicionDePasosParaRegistro.se_registra_con(DefinicionDePasosParaRegistro.java:30)
	at sun.reflect.NativeMethodAccessorImpl.invoke0(Native Method)
	at sun.reflect.NativeMethodAccessorImpl.invoke(NativeMethodAccessorImpl.java:62)
	at sun.reflect.DelegatingMethodAccessorImpl.invoke(DelegatingMethodAccessorImpl.java:43)
	at java.lang.reflect.Method.invoke(Method.java:498)
	at io.cucumber.java.Invoker.invoke(Invoker.java:27)
	at io.cucumber.java.JavaStepDefinition.execute(JavaStepDefinition.java:27)
	at io.cucumber.core.runner.PickleStepDefinitionMatch.runStep(PickleStepDefinitionMatch.java:63)
	at io.cucumber.core.runner.TestStep.executeStep(TestStep.java:64)
	at io.cucumber.core.runner.TestStep.run(TestStep.java:49)
	at io.cucumber.core.runner.PickleStepTestStep.run(PickleStepTestStep.java:46)
	at io.cucumber.core.runner.TestCase.run(TestCase.java:51)
	at io.cucumber.core.runner.Runner.runPickle(Runner.java:66)
	at io.cucumber.junit.PickleRunners$NoStepDescriptions.run(PickleRunners.java:149)
	at io.cucumber.junit.FeatureRunner.runChild(FeatureRunner.java:83)
	at io.cucumber.junit.FeatureRunner.runChild(FeatureRunner.java:24)
	at org.junit.runners.ParentRunner$4.run(ParentRunner.java:331)
	at org.junit.runners.ParentRunner$1.schedule(ParentRunner.java:79)
	at org.junit.runners.ParentRunner.runChildren(ParentRunner.java:329)
	at org.junit.runners.ParentRunner.access$100(ParentRunner.java:66)
	at org.junit.runners.ParentRunner$2.evaluate(ParentRunner.java:293)
	at org.junit.runners.ParentRunner$3.evaluate(ParentRunner.java:306)
	at org.junit.runners.ParentRunner.run(ParentRunner.java:413)
	at io.cucumber.junit.CucumberSerenityRunner.runChild(CucumberSerenityRunner.java:227)
	at io.cucumber.junit.CucumberSerenityRunner.runChild(CucumberSerenityRunner.java:54)
	at org.junit.runners.ParentRunner$4.run(ParentRunner.java:331)
	at org.apache.maven.surefire.junitcore.pc.Scheduler$1.run(Scheduler.java:405)
	at org.apache.maven.surefire.junitcore.pc.InvokerStrategy.schedule(InvokerStrategy.java:54)
	at org.apache.maven.surefire.junitcore.pc.Scheduler.schedule(Scheduler.java:362)
	at org.junit.runners.ParentRunner.runChildren(ParentRunner.java:329)
	at org.junit.runners.ParentRunner.access$100(ParentRunner.java:66)
	at org.junit.runners.ParentRunner$2.evaluate(ParentRunner.java:293)
	at io.cucumber.junit.CucumberSerenityRunner$RunCucumber.evaluate(CucumberSerenityRunner.java:254)
	at org.junit.runners.ParentRunner$3.evaluate(ParentRunner.java:306)
	at org.junit.runners.ParentRunner.run(ParentRunner.java:413)
	at org.junit.runners.Suite.runChild(Suite.java:128)
	at org.junit.runners.Suite.runChild(Suite.java:27)
	at org.junit.runners.ParentRunner$4.run(ParentRunner.java:331)
	at org.apache.maven.surefire.junitcore.pc.Scheduler$1.run(Scheduler.java:405)
	at java.util.concurrent.Executors$RunnableAdapter.call(Executors.java:511)
	at java.util.concurrent.FutureTask.run(FutureTask.java:266)
	at java.util.concurrent.ThreadPoolExecutor.runWorker(ThreadPoolExecutor.java:1149)
	at java.util.concurrent.ThreadPoolExecutor$Worker.run(ThreadPoolExecutor.java:624)
	at java.lang.Thread.run(Thread.java:748)
Caused by: org.openqa.selenium.NoSuchElementException: Timed out after 2 seconds. Element not found
For documentation on this error, please visit: https://www.seleniumhq.org/exceptions/no_such_element.html
Build info: version: '3.141.59', revision: 'e82be7d358', time: '2018-11-14T08:17:03'
System info: host: 'angelohb', ip: '127.0.1.1', os.name: 'Linux', os.arch: 'amd64', os.version: '4.15.0-109-generic', java.version: '1.8.0_252'
Driver info: driver.version: unknown
	at net.thucydides.core.annotations.locators.SmartAjaxElementLocator.ajaxFindElement(SmartAjaxElementLocator.java:166)
	at net.thucydides.core.annotations.locators.SmartAjaxElementLocator.findElement(SmartAjaxElementLocator.java:118)
	at net.serenitybdd.core.pages.WebElementResolverByElementLocator.resolveForDriver(WebElementResolverByElementLocator.java:30)
	at net.serenitybdd.core.pages.WebElementFacadeImpl.getResolvedELement(WebElementFacadeImpl.java:234)
	at net.serenitybdd.core.pages.WebElementFacadeImpl.getElement(WebElementFacadeImpl.java:229)
	at net.serenitybdd.core.pages.WebElementExpectations$3.apply(WebElementExpectations.java:63)
	at net.serenitybdd.core.pages.WebElementExpectations$3.apply(WebElementExpectations.java:55)
	at org.openqa.selenium.support.ui.FluentWait.until(FluentWait.java:249)
	... 93 more


00:16:49.497 [pool-2-thread-1] DEBUG n.t.core.reports.ReportService - Reporting formats: [JSON, HTML]

00:16:49.676 [pool-2-thread-1] DEBUG n.t.core.reports.ReportService - Reporting formats: [JSON, HTML]

00:16:49.692 [pool-2-thread-1] DEBUG n.t.core.reports.ReportService - Generating reports for 1 test outcomes using: net.thucydides.core.reports.json.JSONTestOutcomeReporter@1244e6e1

00:16:49.693 [pool-2-thread-1] DEBUG n.t.core.reports.ReportService - Processing test outcome Registro de usuario en TestingYes:Registro de usuario con solo los campos obligatorios

00:16:49.693 [pool-2-thread-1] DEBUG n.t.core.reports.ReportService - net.thucydides.core.reports.json.JSONTestOutcomeReporter@1244e6e1: Generating report for test outcome: Registro de usuario en TestingYes:Registro de usuario con solo los campos obligatorios

00:16:49.695 [pool-2-thread-1] DEBUG n.t.c.r.json.JSONTestOutcomeReporter - Generating JSON report for Registro de usuario con solo los campos obligatorios to file /home/ahuaracab/Desktop/projects/testingyes-cucumber-project/target/site/serenity/465bd9caa690cf6fe33f25e4b7b200520d7203b056fee6dc67d563a6b61aeb6b.json (using temp file /home/ahuaracab/Desktop/projects/testingyes-cucumber-project/target/site/serenity/465bd9caa690cf6fe33f25e4b7b200520d7203b056fee6dc67d563a6b61aeb6b.jsonb65cf579-ab16-463e-912a-7e3650bba270)

00:16:49.798 [pool-2-thread-1] DEBUG n.t.core.reports.ReportService - Processing test outcome Registro de usuario en TestingYes:Registro de usuario con solo los campos obligatorios done

00:16:49.798 [pool-2-thread-1] DEBUG n.t.core.reports.ReportService - Shutting down executor service

00:16:49.799 [pool-2-thread-1] DEBUG n.t.core.reports.ReportService - Reports generated in: 107 ms

00:16:49.799 [pool-2-thread-1] DEBUG n.t.core.reports.ReportService - Generating reports for 1 test outcomes using: net.thucydides.core.reports.html.HtmlAcceptanceTestReporter@284d23f1

00:16:49.800 [pool-3-thread-1] DEBUG n.t.core.reports.ReportService - Processing test outcome Registro de usuario en TestingYes:Registro de usuario con solo los campos obligatorios

00:16:49.801 [pool-3-thread-1] DEBUG n.t.core.reports.ReportService - net.thucydides.core.reports.html.HtmlAcceptanceTestReporter@284d23f1: Generating report for test outcome: Registro de usuario en TestingYes:Registro de usuario con solo los campos obligatorios

00:16:49.801 [pool-3-thread-1] DEBUG n.t.c.r.h.HtmlAcceptanceTestReporter - GENERATE TEST OUTCOME REPORT FOR Registro de usuario con solo los campos obligatorios in 465bd9caa690cf6fe33f25e4b7b200520d7203b056fee6dc67d563a6b61aeb6b

00:16:49.832 [pool-3-thread-1] DEBUG n.t.c.r.PackageRequirementsTagProvider - Loading requirements from package requirements at: testingyes

00:16:50.252 [pool-3-thread-1] DEBUG n.t.c.r.m.cucumber.CucumberParser - Added feature Registro de usuario en TestingYes

00:16:50.253 [pool-3-thread-1] DEBUG n.t.c.r.RequirementsTagProvider -  found:[Requirement{name='Registro de usuario en TestingYes', type='feature' parent = 'null', cardNumber='null'}]

00:16:50.261 [pool-3-thread-1] DEBUG n.t.c.r.BaseRequirementsService - Requirement found for test outcome Registro de usuario con solo los campos obligatorios-[]: Optional[Requirement{name='Registro de usuario en TestingYes', type='feature' parent = 'null', cardNumber='null'}]

00:16:50.263 [pool-3-thread-1] DEBUG n.t.c.r.BaseRequirementsService - Requirement found for test outcome Registro de usuario con solo los campos obligatorios-[]: Optional[Requirement{name='Registro de usuario en TestingYes', type='feature' parent = 'null', cardNumber='null'}]

00:16:50.284 [pool-3-thread-1] DEBUG n.t.c.r.BaseRequirementsService - Requirement found for test outcome Registro de usuario con solo los campos obligatorios-[]: Optional[Requirement{name='Registro de usuario en TestingYes', type='feature' parent = 'null', cardNumber='null'}]

00:16:50.286 [pool-3-thread-1] DEBUG n.t.c.r.BaseRequirementsService - Requirement found for test outcome Registro de usuario con solo los campos obligatorios-[]: Optional[Requirement{name='Registro de usuario en TestingYes', type='feature' parent = 'null', cardNumber='null'}]

00:16:50.383 [pool-3-thread-1] DEBUG n.t.c.r.h.HtmlAcceptanceTestReporter - Generating report in 465bd9caa690cf6fe33f25e4b7b200520d7203b056fee6dc67d563a6b61aeb6b_screenshots.html

00:16:50.888 [pool-3-thread-1] DEBUG n.t.c.r.h.HtmlAcceptanceTestReporter - Generated report 465bd9caa690cf6fe33f25e4b7b200520d7203b056fee6dc67d563a6b61aeb6b_screenshots.html in 505 ms

00:16:50.894 [pool-3-thread-1] DEBUG n.t.c.r.h.HtmlAcceptanceTestReporter - GENERATING HTML REPORT FOR Registro de usuario en TestingYes:Registro de usuario con solo los campos obligatorios in 465bd9caa690cf6fe33f25e4b7b200520d7203b056fee6dc67d563a6b61aeb6b.html in directory target/site/serenity  

00:16:51.190 [pool-3-thread-1] DEBUG n.t.c.r.h.HtmlAcceptanceTestReporter - Generating report in 465bd9caa690cf6fe33f25e4b7b200520d7203b056fee6dc67d563a6b61aeb6b.html

00:16:51.563 [pool-3-thread-1] DEBUG n.t.c.r.h.HtmlAcceptanceTestReporter - Generated report 465bd9caa690cf6fe33f25e4b7b200520d7203b056fee6dc67d563a6b61aeb6b.html in 373 ms

00:16:51.573 [pool-3-thread-1] DEBUG n.t.core.reports.ReportService - Processing test outcome Registro de usuario en TestingYes:Registro de usuario con solo los campos obligatorios done

00:16:51.573 [pool-2-thread-1] DEBUG n.t.core.reports.ReportService - Shutting down executor service

00:16:51.573 [pool-2-thread-1] DEBUG n.t.core.reports.ReportService - Reports generated in: 1774 ms

00:16:51.873 [pool-2-thread-1] DEBUG n.s.core.photography.Darkroom - Closing darkroom

Feature from file:///home/ahuaracab/Desktop/projects/testingyes-cucumber-project/src/test/resources/features/testcase_testingyes.feature
00:16:14.123 [pool-2-thread-1] INFO   - 
 _____ _____ ____ _____   ____ _____  _    ____ _____ _____ ____  
|_   _| ____/ ___|_   _| / ___|_   _|/ \  |  _ \_   _| ____|  _ \ 
  | | |  _| \___ \ | |   \___ \ | | / _ \ | |_) || | |  _| | | | |
  | | | |___ ___) || |    ___) || |/ ___ \|  _ < | | | |___| |_| |
  |_| |_____|____/ |_|   |____/ |_/_/   \_\_| \_\|_| |_____|____/ 

Registro de usuario con solo los campos obligatorios(registro-de-usuario-en-testingyes;registro-de-usuario-con-solo-los-campos-obligatorios)
-------------------------------------------------------------------
00:16:14.204 [pool-2-thread-1] DEBUG n.t.c.r.m.cucumber.CucumberParser - Added feature Registro de usuario en TestingYes
00:16:14.948 [pool-2-thread-1] DEBUG n.t.core.steps.StepInterceptor - STARTING STEP: DefinicionDePasosParaRegistro.ingresa_a_testingyes - #actor ingresa a TestingYes
00:16:15.417 [pool-2-thread-1] INFO  n.s.c.w.d.ProvideNewDriver - Instantiating driver
00:16:15.418 [pool-2-thread-1] INFO  n.s.c.w.d.ProvideNewDriver - Driver capabilities: Capabilities {acceptInsecureCerts: false, browserName: chrome, goog:chromeOptions: {args: [], extensions: []}, loggingPrefs: org.openqa.selenium.logging..., platform: ANY, version: }
00:16:19.435 [pool-2-thread-1] DEBUG n.s.core.photography.Darkroom - Opening darkroom
00:16:19.436 [Darkroom Processing Line] DEBUG n.s.c.p.DarkroomProcessingLine - Darkroom processing line starting up
00:16:20.125 [pool-2-thread-1] DEBUG n.s.core.photography.Darkroom - Send negative for processing for target/site/serenity/ff157b032683f9395c8e899fbd211a4fbc96551b17d30ff345d006de7c776109.png
00:16:20.125 [Darkroom Processing Line] DEBUG n.s.c.p.DarkroomProcessingLine - Processing screenshot image in /var/screenshots/screenshot-1383806389679016410
00:16:20.125 [Darkroom Processing Line] DEBUG n.s.c.p.DarkroomProcessingLine - Saving screenshot to target/site/serenity/ff157b032683f9395c8e899fbd211a4fbc96551b17d30ff345d006de7c776109.png
00:16:20.129 [pool-2-thread-1] DEBUG n.t.core.steps.StepInterceptor - STEP DONE: #actor ingresa a TestingYes
00:16:20.143 [pool-2-thread-1] DEBUG n.t.core.steps.StepInterceptor - STARTING STEP: DefinicionDePasosParaRegistro.ingresa_a_log_in - #actor ingresa a la pagina de log in
00:16:21.756 [pool-2-thread-1] DEBUG n.s.core.photography.Darkroom - Send negative for processing for target/site/serenity/2f858ab91211a5846b2128380852e9f06fbee7f0003a973f226e897ee725c8e7.png
00:16:21.756 [Darkroom Processing Line] DEBUG n.s.c.p.DarkroomProcessingLine - Processing screenshot image in /var/screenshots/screenshot-7732366677389619897
00:16:21.756 [Darkroom Processing Line] DEBUG n.s.c.p.DarkroomProcessingLine - Saving screenshot to target/site/serenity/2f858ab91211a5846b2128380852e9f06fbee7f0003a973f226e897ee725c8e7.png
00:16:21.757 [pool-2-thread-1] DEBUG n.t.core.steps.StepInterceptor - STEP DONE: #actor ingresa a la pagina de log in
00:16:21.771 [pool-2-thread-1] DEBUG n.t.core.steps.StepInterceptor - STARTING STEP: DefinicionDePasosParaRegistro.se_registra_con - #actor se registra con los datos obligatorios: nombre: {0} , apellido: {1} , pais: {2} , direccion: {3} , ciudad: {4} , provincia: {5} , codigo postal: {6} , telefono: {7}, email: {8} , contrasena: {9} y confirmacion de con contrasena {10}$
00:16:31.627 [pool-2-thread-1] DEBUG n.s.core.photography.Darkroom - Send negative for processing for target/site/serenity/5b566a12e8cd224bf56f29af3fc97cb67c0b89453d6d32002015169c64930aea.png
00:16:31.627 [Darkroom Processing Line] DEBUG n.s.c.p.DarkroomProcessingLine - Processing screenshot image in /var/screenshots/screenshot-4808046889349610882
00:16:31.627 [Darkroom Processing Line] DEBUG n.s.c.p.DarkroomProcessingLine - Saving screenshot to target/site/serenity/5b566a12e8cd224bf56f29af3fc97cb67c0b89453d6d32002015169c64930aea.png
00:16:36.812 [Darkroom Processing Line] DEBUG n.s.c.p.DarkroomProcessingLine - Processing screenshot image in /var/screenshots/screenshot-3122469740159198696
00:16:36.812 [Darkroom Processing Line] DEBUG n.s.c.p.DarkroomProcessingLine - Saving screenshot to target/site/serenity/e3c4ae6ec03e04cd37a6cc971f58cd3e48152710a20eace062bd754d0dd567d5.png
00:16:38.172 [Darkroom Processing Line] DEBUG n.s.c.p.DarkroomProcessingLine - Processing screenshot image in /var/screenshots/screenshot-6966045435637659521
00:16:38.172 [Darkroom Processing Line] DEBUG n.s.c.p.DarkroomProcessingLine - Saving screenshot to target/site/serenity/c581612e084d8740c45bb707d6fcdf293378768d521259f5d2ea67105ab90cd2.png
00:16:48.692 [Darkroom Processing Line] DEBUG n.s.c.p.DarkroomProcessingLine - Processing screenshot image in /var/screenshots/screenshot-1720904390575930569
00:16:48.692 [Darkroom Processing Line] DEBUG n.s.c.p.DarkroomProcessingLine - Saving screenshot to target/site/serenity/6722c9a91ab8650e1b5b89cd6ccdd29c69f35f7470fa0257fffe7700b798007f.png
00:16:51.873 [Darkroom Processing Line] DEBUG n.s.c.p.DarkroomProcessingLine - Darkroom processing line shutting down
]]></system-out>
    <system-err><![CDATA[Jul 18, 2020 12:16:14 AM org.openqa.selenium.remote.DesiredCapabilities chrome
INFO: Using `new ChromeOptions()` is preferred to `DesiredCapabilities.chrome()`
Starting ChromeDriver 83.0.4103.39 (ccbf011cb2d2b19b506d844400483861342c20cd-refs/branch-heads/4103@{#416}) on port 22582
Only local connections are allowed.
Please see https://chromedriver.chromium.org/security-considerations for suggestions on keeping ChromeDriver safe.
ChromeDriver was started successfully.
Jul 18, 2020 12:16:16 AM org.openqa.selenium.remote.ProtocolHandshake createSession
INFO: Detected dialect: W3C
]]></system-err>
  </testcase>
  <testcase name="Registro de usuario con solo los campos obligatorios" classname="Registro de usuario en TestingYes" time="17.09">
    <error message="Expected enabled element was not enabled" type="net.thucydides.core.webdriver.exceptions.ElementShouldBeEnabledException"><![CDATA[net.thucydides.core.webdriver.exceptions.ElementShouldBeEnabledException: Expected enabled element was not enabled
Caused by: org.openqa.selenium.TimeoutException: Expected condition failed: waiting for PaginaLogInTestingYes.cajaDeDireccion to be enabled (tried for 5 second(s) with 100 milliseconds interval)
Caused by: org.openqa.selenium.NoSuchElementException: 
Timed out after 2 seconds. Element not found
For documentation on this error, please visit: https://www.seleniumhq.org/exceptions/no_such_element.html
Build info: version: '3.141.59', revision: 'e82be7d358', time: '2018-11-14T08:17:03'
System info: host: 'angelohb', ip: '127.0.1.1', os.name: 'Linux', os.arch: 'amd64', os.version: '4.15.0-109-generic', java.version: '1.8.0_252'
Driver info: driver.version: unknown
]]></error>
    <system-out><![CDATA[Feature from file:///home/ahuaracab/Desktop/projects/testingyes-cucumber-project/src/test/resources/features/testcase_testingyes.feature
00:16:32.000 [pool-2-thread-1] DEBUG n.t.core.steps.StepInterceptor - STARTING STEP: DefinicionDePasosParaRegistro.ingresa_a_testingyes - #actor ingresa a TestingYes
00:16:32.250 [pool-2-thread-1] INFO  n.s.c.w.d.ProvideNewDriver - Instantiating driver
00:16:32.251 [pool-2-thread-1] INFO  n.s.c.w.d.ProvideNewDriver - Driver capabilities: Capabilities {acceptInsecureCerts: false, browserName: chrome, goog:chromeOptions: {args: [], extensions: []}, loggingPrefs: org.openqa.selenium.logging..., platform: ANY, version: }
00:16:36.811 [pool-2-thread-1] DEBUG n.s.core.photography.Darkroom - Send negative for processing for target/site/serenity/e3c4ae6ec03e04cd37a6cc971f58cd3e48152710a20eace062bd754d0dd567d5.png
00:16:36.812 [pool-2-thread-1] DEBUG n.t.core.steps.StepInterceptor - STEP DONE: #actor ingresa a TestingYes
00:16:36.826 [pool-2-thread-1] DEBUG n.t.core.steps.StepInterceptor - STARTING STEP: DefinicionDePasosParaRegistro.ingresa_a_log_in - #actor ingresa a la pagina de log in
00:16:38.172 [pool-2-thread-1] DEBUG n.s.core.photography.Darkroom - Send negative for processing for target/site/serenity/c581612e084d8740c45bb707d6fcdf293378768d521259f5d2ea67105ab90cd2.png
00:16:38.172 [pool-2-thread-1] DEBUG n.t.core.steps.StepInterceptor - STEP DONE: #actor ingresa a la pagina de log in
00:16:38.181 [pool-2-thread-1] DEBUG n.t.core.steps.StepInterceptor - STARTING STEP: DefinicionDePasosParaRegistro.se_registra_con - #actor se registra con los datos obligatorios: nombre: {0} , apellido: {1} , pais: {2} , direccion: {3} , ciudad: {4} , provincia: {5} , codigo postal: {6} , telefono: {7}, email: {8} , contrasena: {9} y confirmacion de con contrasena {10}$
00:16:48.692 [pool-2-thread-1] DEBUG n.s.core.photography.Darkroom - Send negative for processing for target/site/serenity/6722c9a91ab8650e1b5b89cd6ccdd29c69f35f7470fa0257fffe7700b798007f.png
]]></system-out>
    <system-err><![CDATA[Jul 18, 2020 12:16:32 AM org.openqa.selenium.remote.DesiredCapabilities chrome
INFO: Using `new ChromeOptions()` is preferred to `DesiredCapabilities.chrome()`
Starting ChromeDriver 83.0.4103.39 (ccbf011cb2d2b19b506d844400483861342c20cd-refs/branch-heads/4103@{#416}) on port 12946
Only local connections are allowed.
Please see https://chromedriver.chromium.org/security-considerations for suggestions on keeping ChromeDriver safe.
ChromeDriver was started successfully.
Jul 18, 2020 12:16:32 AM org.openqa.selenium.remote.ProtocolHandshake createSession
INFO: Detected dialect: W3C
]]></system-err>
  </testcase>
</testsuite>